Copyright 1986-2020 Xilinx, Inc. All Rights Reserved.
---------------------------------------------------------------------------------------------------------------------
| Tool Version : Vivado v.2020.1 (win64) Build 2902540 Wed May 27 19:54:49 MDT 2020
| Date         : Tue May 10 07:46:20 2022
| Host         : DESKTOP-8KAKBPU running 64-bit major release  (build 9200)
| Command      : report_utilization -file base_wrapper_utilization_placed.rpt -pb base_wrapper_utilization_placed.pb
| Design       : base_wrapper
| Device       : 7z020clg400-1
| Design State : Fully Placed
---------------------------------------------------------------------------------------------------------------------

Utilization Design Information

Table of Contents
-----------------
1. Slice Logic
1.1 Summary of Registers by Type
2. Slice Logic Distribution
3. Memory
4. DSP
5. IO and GT Specific
6. Clocking
7. Specific Feature
8. Primitives
9. Black Boxes
10. Instantiated Netlists

1. Slice Logic
--------------

+----------------------------+-------+-------+-----------+-------+
|          Site Type         |  Used | Fixed | Available | Util% |
+----------------------------+-------+-------+-----------+-------+
| Slice LUTs                 | 44174 |     0 |     53200 | 83.03 |
|   LUT as Logic             | 42145 |     0 |     53200 | 79.22 |
|   LUT as Memory            |  2029 |     0 |     17400 | 11.66 |
|     LUT as Distributed RAM |   438 |     0 |           |       |
|     LUT as Shift Register  |  1591 |     0 |           |       |
| Slice Registers            | 60666 |    15 |    106400 | 57.02 |
|   Register as Flip Flop    | 60662 |    15 |    106400 | 57.01 |
|   Register as Latch        |     0 |     0 |    106400 |  0.00 |
|   Register as AND/OR       |     4 |     0 |    106400 | <0.01 |
| F7 Muxes                   |   938 |     0 |     26600 |  3.53 |
| F8 Muxes                   |    84 |     0 |     13300 |  0.63 |
+----------------------------+-------+-------+-----------+-------+


1.1 Summary of Registers by Type
--------------------------------

+-------+--------------+-------------+--------------+
| Total | Clock Enable | Synchronous | Asynchronous |
+-------+--------------+-------------+--------------+
| 4     |            _ |           - |            - |
| 0     |            _ |           - |          Set |
| 0     |            _ |           - |        Reset |
| 0     |            _ |         Set |            - |
| 0     |            _ |       Reset |            - |
| 0     |          Yes |           - |            - |
| 128   |          Yes |           - |          Set |
| 880   |          Yes |           - |        Reset |
| 1886  |          Yes |         Set |            - |
| 57771 |          Yes |       Reset |            - |
+-------+--------------+-------------+--------------+


2. Slice Logic Distribution
---------------------------

+--------------------------------------------+-------+-------+-----------+--------+
|                  Site Type                 |  Used | Fixed | Available |  Util% |
+--------------------------------------------+-------+-------+-----------+--------+
| Slice                                      | 13300 |     0 |     13300 | 100.00 |
|   SLICEL                                   |  8950 |     0 |           |        |
|   SLICEM                                   |  4350 |     0 |           |        |
| LUT as Logic                               | 42145 |     0 |     53200 |  79.22 |
|   using O5 output only                     |    14 |       |           |        |
|   using O6 output only                     | 31528 |       |           |        |
|   using O5 and O6                          | 10603 |       |           |        |
| LUT as Memory                              |  2029 |     0 |     17400 |  11.66 |
|   LUT as Distributed RAM                   |   438 |     0 |           |        |
|     using O5 output only                   |     0 |       |           |        |
|     using O6 output only                   |     6 |       |           |        |
|     using O5 and O6                        |   432 |       |           |        |
|   LUT as Shift Register                    |  1591 |     0 |           |        |
|     using O5 output only                   |    39 |       |           |        |
|     using O6 output only                   |   785 |       |           |        |
|     using O5 and O6                        |   767 |       |           |        |
| Slice Registers                            | 60666 |     0 |    106400 |  57.02 |
|   Register driven from within the Slice    | 28508 |       |           |        |
|   Register driven from outside the Slice   | 32158 |       |           |        |
|     LUT in front of the register is unused | 14444 |       |           |        |
|     LUT in front of the register is used   | 17714 |       |           |        |
| Unique Control Sets                        |  3128 |       |     13300 |  23.52 |
+--------------------------------------------+-------+-------+-----------+--------+
* * Note: Available Control Sets calculated as Slice * 1, Review the Control Sets Report for more information regarding control sets.


3. Memory
---------

+-------------------+------+-------+-----------+-------+
|     Site Type     | Used | Fixed | Available | Util% |
+-------------------+------+-------+-----------+-------+
| Block RAM Tile    |   91 |     0 |       140 | 65.00 |
|   RAMB36/FIFO*    |   83 |     0 |       140 | 59.29 |
|     RAMB36E1 only |   83 |       |           |       |
|   RAMB18          |   16 |     0 |       280 |  5.71 |
|     RAMB18E1 only |   16 |       |           |       |
+-------------------+------+-------+-----------+-------+
* Note: Each Block RAM Tile only has one FIFO logic available and therefore can accommodate only one FIFO36E1 or one FIFO18E1. However, if a FIFO18E1 occupies a Block RAM Tile, that tile can still accommodate a RAMB18E1


4. DSP
------

+----------------+------+-------+-----------+-------+
|    Site Type   | Used | Fixed | Available | Util% |
+----------------+------+-------+-----------+-------+
| DSPs           |   57 |     0 |       220 | 25.91 |
|   DSP48E1 only |   57 |       |           |       |
+----------------+------+-------+-----------+-------+


5. IO and GT Specific
---------------------

+-----------------------------+------+-------+-----------+--------+
|          Site Type          | Used | Fixed | Available |  Util% |
+-----------------------------+------+-------+-----------+--------+
| Bonded IOB                  |  119 |   119 |       125 |  95.20 |
|   IOB Master Pads           |   59 |       |           |        |
|   IOB Slave Pads            |   57 |       |           |        |
|   IOB Flip Flops            |    3 |     3 |           |        |
| Bonded IPADs                |    2 |     2 |         2 | 100.00 |
| Bonded IOPADs               |  130 |   130 |       130 | 100.00 |
| PHY_CONTROL                 |    0 |     0 |         4 |   0.00 |
| PHASER_REF                  |    0 |     0 |         4 |   0.00 |
| OUT_FIFO                    |    0 |     0 |        16 |   0.00 |
| IN_FIFO                     |    0 |     0 |        16 |   0.00 |
| IDELAYCTRL                  |    1 |     0 |         4 |  25.00 |
| IBUFDS                      |    4 |     4 |       121 |   3.31 |
| PHASER_OUT/PHASER_OUT_PHY   |    0 |     0 |        16 |   0.00 |
| PHASER_IN/PHASER_IN_PHY     |    0 |     0 |        16 |   0.00 |
| IDELAYE2/IDELAYE2_FINEDELAY |    3 |     3 |       200 |   1.50 |
|   IDELAYE2 only             |    3 |     3 |           |        |
| ILOGIC                      |    8 |     8 |       125 |   6.40 |
|   IFF_Register              |    2 |     2 |           |        |
|   ISERDES                   |    6 |     6 |           |        |
| OLOGIC                      |    9 |     9 |       125 |   7.20 |
|   OUTFF_Register            |    1 |     1 |           |        |
|   OSERDES                   |    8 |     8 |           |        |
+-----------------------------+------+-------+-----------+--------+


6. Clocking
-----------

+--------------+------+-------+-----------+-------+
|   Site Type  | Used | Fixed | Available | Util% |
+--------------+------+-------+-----------+-------+
| BUFGCTRL     |    8 |     0 |        32 | 25.00 |
| BUFIO        |    2 |     0 |        16 | 12.50 |
|   BUFIO only |    2 |     0 |           |       |
| MMCME2_ADV   |    3 |     0 |         4 | 75.00 |
| PLLE2_ADV    |    0 |     0 |         4 |  0.00 |
| BUFMRCE      |    0 |     0 |         8 |  0.00 |
| BUFHCE       |    0 |     0 |        72 |  0.00 |
| BUFR         |    2 |     0 |        16 | 12.50 |
+--------------+------+-------+-----------+-------+


7. Specific Feature
-------------------

+-------------+------+-------+-----------+--------+
|  Site Type  | Used | Fixed | Available |  Util% |
+-------------+------+-------+-----------+--------+
| BSCANE2     |    1 |     0 |         4 |  25.00 |
| CAPTUREE2   |    0 |     0 |         1 |   0.00 |
| DNA_PORT    |    0 |     0 |         1 |   0.00 |
| EFUSE_USR   |    0 |     0 |         1 |   0.00 |
| FRAME_ECCE2 |    0 |     0 |         1 |   0.00 |
| ICAPE2      |    0 |     0 |         2 |   0.00 |
| STARTUPE2   |    0 |     0 |         1 |   0.00 |
| XADC        |    1 |     1 |         1 | 100.00 |
+-------------+------+-------+-----------+--------+


8. Primitives
-------------

+------------+-------+----------------------+
|  Ref Name  |  Used |  Functional Category |
+------------+-------+----------------------+
| FDRE       | 57771 |         Flop & Latch |
| LUT6       | 14180 |                  LUT |
| LUT3       | 12792 |                  LUT |
| LUT4       |  9093 |                  LUT |
| LUT5       |  8627 |                  LUT |
| LUT2       |  6298 |                  LUT |
| CARRY4     |  1957 |           CarryLogic |
| FDSE       |  1886 |         Flop & Latch |
| SRL16E     |  1871 |   Distributed Memory |
| LUT1       |  1758 |                  LUT |
| MUXF7      |   938 |                MuxFx |
| FDCE       |   880 |         Flop & Latch |
| RAMD32     |   654 |   Distributed Memory |
| SRLC32E    |   459 |   Distributed Memory |
| RAMS32     |   216 |   Distributed Memory |
| BIBUF      |   130 |                   IO |
| FDPE       |   128 |         Flop & Latch |
| IBUF       |    87 |                   IO |
| MUXF8      |    84 |                MuxFx |
| RAMB36E1   |    83 |         Block Memory |
| OBUFT      |    66 |                   IO |
| DSP48E1    |    57 |     Block Arithmetic |
| SRLC16E    |    28 |   Distributed Memory |
| OBUF       |    18 |                   IO |
| RAMB18E1   |    16 |         Block Memory |
| OSERDESE2  |     8 |                   IO |
| BUFG       |     8 |                Clock |
| ISERDESE2  |     6 |                   IO |
| OBUFDS     |     4 |                   IO |
| IBUFDS     |     4 |                   IO |
| AND2B1L    |     4 |               Others |
| MMCME2_ADV |     3 |                Clock |
| IDELAYE2   |     3 |                   IO |
| BUFR       |     2 |                Clock |
| BUFIO      |     2 |                Clock |
| XADC       |     1 |               Others |
| PS7        |     1 | Specialized Resource |
| IDELAYCTRL |     1 |                   IO |
| BSCANE2    |     1 |               Others |
+------------+-------+----------------------+


9. Black Boxes
--------------

+----------+------+
| Ref Name | Used |
+----------+------+


10. Instantiated Netlists
-------------------------

+--------------------------------+------+
|            Ref Name            | Used |
+--------------------------------+------+
| base_xbar_9                    |    1 |
| base_xbar_8                    |    1 |
| base_xbar_7                    |    1 |
| base_xbar_6                    |    1 |
| base_xbar_5                    |    1 |
| base_xbar_4                    |    1 |
| base_xbar_3                    |    1 |
| base_xbar_2                    |    1 |
| base_xbar_16                   |    1 |
| base_xbar_15                   |    1 |
| base_xbar_14                   |    1 |
| base_xbar_10                   |    1 |
| base_xbar_1                    |    1 |
| base_xbar_0                    |    1 |
| base_xadc_0                    |    1 |
| base_vtc_out_0                 |    1 |
| base_vtc_in_0                  |    1 |
| base_v_vid_in_axi4s_0_0        |    1 |
| base_v_axi4s_vid_out_0_0       |    1 |
| base_uartlite_1                |    1 |
| base_uartlite_0                |    1 |
| base_trace_cntrl_64_0_0        |    1 |
| base_trace_cntrl_32_0_0        |    1 |
| base_timer_7                   |    1 |
| base_timer_6                   |    1 |
| base_timer_5_0                 |    1 |
| base_timer_4_0                 |    1 |
| base_timer_3_0                 |    1 |
| base_timer_2_0                 |    1 |
| base_timer_1_1                 |    1 |
| base_timer_1_0                 |    1 |
| base_timer_0_1                 |    1 |
| base_timer_0_0                 |    1 |
| base_system_interrupts_0       |    1 |
| base_switches_gpio_0           |    1 |
| base_spi_shared_0              |    1 |
| base_spi_direct_0              |    1 |
| base_spi_1_0                   |    1 |
| base_spi_1                     |    1 |
| base_spi_0_0                   |    1 |
| base_spi_0                     |    1 |
| base_slice_pmodb_gpio_0        |    1 |
| base_s03_mmu_0                 |    1 |
| base_s02_mmu_0                 |    1 |
| base_s01_mmu_0                 |    1 |
| base_s00_regslice_113          |    1 |
| base_s00_regslice_112          |    1 |
| base_s00_regslice_111          |    1 |
| base_s00_regslice_110          |    1 |
| base_s00_regslice_109          |    1 |
| base_s00_regslice_108          |    1 |
| base_s00_regslice_107          |    1 |
| base_s00_mmu_0                 |    1 |
| base_rst_ps7_0_fclk3_0         |    1 |
| base_rst_ps7_0_fclk1_0         |    1 |
| base_rst_ps7_0_fclk0_0         |    1 |
| base_rst_clk_wiz_1_100M_3      |    1 |
| base_rst_clk_wiz_1_100M_2      |    1 |
| base_rst_clk_wiz_1_100M_1      |    1 |
| base_rst_clk_wiz_1_100M_0      |    1 |
| base_rpi_gpio_0                |    1 |
| base_rgbleds_gpio_0            |    1 |
| base_rgb2dvi_0_0               |    1 |
| base_ps7_0_0                   |    1 |
| base_proc_sys_reset_pixelclk_0 |    1 |
| base_pmoda_rpi_t_sel_0         |    1 |
| base_pmoda_rpi_o_sel_0         |    1 |
| base_pixel_unpack_0            |    1 |
| base_pixel_pack_0              |    1 |
| base_mdm_1_0                   |    1 |
| base_mb_bram_ctrl_3            |    1 |
| base_mb_bram_ctrl_2            |    1 |
| base_mb_bram_ctrl_1            |    1 |
| base_mb_bram_ctrl_0            |    1 |
| base_mb_3                      |    1 |
| base_mb_2                      |    1 |
| base_mb_1                      |    1 |
| base_mb_0                      |    1 |
| base_m15_regslice_0            |    1 |
| base_m14_regslice_0            |    1 |
| base_m13_regslice_0            |    1 |
| base_m12_regslice_0            |    1 |
| base_m11_regslice_31           |    1 |
| base_m11_regslice_30           |    1 |
| base_m10_regslice_31           |    1 |
| base_m10_regslice_30           |    1 |
| base_m09_regslice_47           |    1 |
| base_m09_regslice_46           |    1 |
| base_m09_regslice_45           |    1 |
| base_m08_regslice_47           |    1 |
| base_m08_regslice_46           |    1 |
| base_m08_regslice_45           |    1 |
| base_m07_regslice_95           |    1 |
| base_m07_regslice_94           |    1 |
| base_m07_regslice_93           |    1 |
| base_m07_regslice_92           |    1 |
| base_m07_regslice_91           |    1 |
| base_m07_regslice_90           |    1 |
| base_m06_regslice_95           |    1 |
| base_m06_regslice_94           |    1 |
| base_m06_regslice_93           |    1 |
| base_m06_regslice_92           |    1 |
| base_m06_regslice_91           |    1 |
| base_m06_regslice_90           |    1 |
| base_m05_regslice_95           |    1 |
| base_m05_regslice_94           |    1 |
| base_m05_regslice_93           |    1 |
| base_m05_regslice_92           |    1 |
| base_m05_regslice_91           |    1 |
| base_m05_regslice_90           |    1 |
| base_m04_regslice_99           |    1 |
| base_m04_regslice_98           |    1 |
| base_m04_regslice_97           |    1 |
| base_m04_regslice_96           |    1 |
| base_m04_regslice_95           |    1 |
| base_m04_regslice_94           |    1 |
| base_m03_regslice_113          |    1 |
| base_m03_regslice_112          |    1 |
| base_m03_regslice_111          |    1 |
| base_m03_regslice_110          |    1 |
| base_m03_regslice_109          |    1 |
| base_m03_regslice_108          |    1 |
| base_m03_regslice_107          |    1 |
| base_m02_regslice_113          |    1 |
| base_m02_regslice_112          |    1 |
| base_m02_regslice_111          |    1 |
| base_m02_regslice_110          |    1 |
| base_m02_regslice_109          |    1 |
| base_m02_regslice_108          |    1 |
| base_m02_regslice_107          |    1 |
| base_m01_regslice_113          |    1 |
| base_m01_regslice_112          |    1 |
| base_m01_regslice_111          |    1 |
| base_m01_regslice_110          |    1 |
| base_m01_regslice_109          |    1 |
| base_m01_regslice_108          |    1 |
| base_m01_regslice_107          |    1 |
| base_m00_regslice_113          |    1 |
| base_m00_regslice_112          |    1 |
| base_m00_regslice_111          |    1 |
| base_m00_regslice_110          |    1 |
| base_m00_regslice_109          |    1 |
| base_m00_regslice_108          |    1 |
| base_m00_regslice_107          |    1 |
| base_lmb_bram_if_cntlr_3       |    1 |
| base_lmb_bram_if_cntlr_2       |    1 |
| base_lmb_bram_if_cntlr_1       |    1 |
| base_lmb_bram_if_cntlr_0       |    1 |
| base_lmb_bram_3                |    1 |
| base_lmb_bram_2                |    1 |
| base_lmb_bram_1                |    1 |
| base_lmb_bram_0                |    1 |
| base_leds_gpio_0               |    1 |
| base_io_switch_3               |    1 |
| base_io_switch_2               |    1 |
| base_io_switch_1               |    1 |
| base_io_switch_0               |    1 |
| base_intr_3                    |    1 |
| base_intr_2                    |    1 |
| base_intr_1                    |    1 |
| base_intr_0                    |    1 |
| base_intc_3                    |    1 |
| base_intc_2                    |    1 |
| base_intc_1                    |    1 |
| base_intc_0                    |    1 |
| base_ilmb_v10_3                |    1 |
| base_ilmb_v10_2                |    1 |
| base_ilmb_v10_1                |    1 |
| base_ilmb_v10_0                |    1 |
| base_iic_direct_0              |    1 |
| base_iic_1_0                   |    1 |
| base_iic_1                     |    1 |
| base_iic_0_0                   |    1 |
| base_iic_0                     |    1 |
| base_hdmi_out_hpd_video_0      |    1 |
| base_gpio_1                    |    1 |
| base_gpio_0                    |    1 |
| base_filter2D_f_0_1            |    1 |
| base_erode_hls_0_0             |    1 |
| base_dvi2rgb_0_0               |    1 |
| base_dlmb_v10_3                |    1 |
| base_dlmb_v10_2                |    1 |
| base_dlmb_v10_1                |    1 |
| base_dlmb_v10_0                |    1 |
| base_distributor_rpi_0         |    1 |
| base_distributor_pmoda_0       |    1 |
| base_dff_en_reset_vector_0_3   |    1 |
| base_dff_en_reset_vector_0_2   |    1 |
| base_dff_en_reset_vector_0_1   |    1 |
| base_dff_en_reset_vector_0_0   |    1 |
| base_color_swap_0_1            |    1 |
| base_color_swap_0_0            |    1 |
| base_color_convert_1           |    1 |
| base_color_convert_0           |    1 |
| base_collector_rpi_27_8_0      |    1 |
| base_collector_pmoda_rpi_0     |    1 |
| base_clk_wiz_10MHz_0           |    1 |
| base_canny_edge_0_1            |    1 |
| base_btns_gpio_0               |    1 |
| base_axis_register_slice_0_1   |    1 |
| base_axis_register_slice_0_0   |    1 |
| base_axis_data_fifo_0_1        |    1 |
| base_axis_data_fifo_0_0        |    1 |
| base_axi_vdma_0                |    1 |
| base_axi_protocol_convert_0_0  |    1 |
| base_axi_gpio_hdmiin_0         |    1 |
| base_axi_dynclk_0              |    1 |
| base_axi_dma_0_3               |    1 |
| base_axi_dma_0_1               |    1 |
| base_axi_dma_0_0               |    1 |
| base_auto_us_3                 |    1 |
| base_auto_us_2                 |    1 |
| base_auto_us_1                 |    1 |
| base_auto_us_0                 |    1 |
| base_auto_ss_u_3               |    1 |
| base_auto_ss_u_2               |    1 |
| base_auto_ss_u_1               |    1 |
| base_auto_ss_u_0               |    1 |
| base_auto_ss_k_3               |    1 |
| base_auto_ss_k_2               |    1 |
| base_auto_ss_k_1               |    1 |
| base_auto_ss_k_0               |    1 |
| base_auto_pc_9                 |    1 |
| base_auto_pc_8                 |    1 |
| base_auto_pc_7                 |    1 |
| base_auto_pc_6                 |    1 |
| base_auto_pc_5                 |    1 |
| base_auto_pc_4                 |    1 |
| base_auto_pc_3                 |    1 |
| base_auto_pc_2                 |    1 |
| base_auto_pc_11                |    1 |
| base_auto_pc_10                |    1 |
| base_auto_pc_1                 |    1 |
| base_auto_pc_0                 |    1 |
| base_auto_cc_3                 |    1 |
| base_auto_cc_2                 |    1 |
| base_auto_cc_1                 |    1 |
| base_auto_cc_0                 |    1 |
| base_audio_codec_ctrl_0_0      |    1 |
| base_arduino_gpio_0            |    1 |
| base_address_remap_0_0         |    1 |
+--------------------------------+------+


