
*** Running vivado
    with args -log base_pmoda_rpi_o_sel_0.vds -m64 -product Vivado -mode batch -messageDb vivado.pb -notrace -source base_pmoda_rpi_o_sel_0.tcl



****** Vivado v2020.1 (64-bit)
  **** SW Build 2902540 on Wed May 27 19:54:49 MDT 2020
  **** IP Build 2902112 on Wed May 27 22:43:36 MDT 2020
    ** Copyright 1986-2020 Xilinx, Inc. All Rights Reserved.

source base_pmoda_rpi_o_sel_0.tcl -notrace
create_project: Time (s): cpu = 00:00:03 ; elapsed = 00:00:07 . Memory (MB): peak = 1060.656 ; gain = 0.000
INFO: [IP_Flow 19-234] Refreshing IP repositories
INFO: [IP_Flow 19-1700] Loaded user IP repository 'c:/Users/Home/Documents/GitHub/PYNQ/boards/ip'.
INFO: [IP_Flow 19-1700] Loaded user IP repository 'c:/Users/Home/Documents/GitHub/cv2PYNQ-The-project-behind-the-library/cv2PYNQ_vivado'.
INFO: [IP_Flow 19-1700] Loaded user IP repository 'c:/Users/Home/Documents/GitHub/cv2PYNQ-The-project-behind-the-library/ip'.
INFO: [IP_Flow 19-2313] Loaded Vivado IP repository 'C:/Xilinx/Vivado/2020.1/data/ip'.
WARNING: [IP_Flow 19-1663] Duplicate IP found for 'xilinx.com:user:audio_codec_ctrl:1.0'. The one found in IP location 'c:/Users/Home/Documents/GitHub/PYNQ/boards/ip/audio_codec_ctrl_v1.0' will take precedence over the same IP in location c:/Users/Home/Documents/GitHub/cv2PYNQ-The-project-behind-the-library/ip/PYNQ/ip/audio_codec_ctrl_v1.0
WARNING: [IP_Flow 19-1663] Duplicate IP found for 'xilinx.com:user:audio_direct:1.1'. The one found in IP location 'c:/Users/Home/Documents/GitHub/PYNQ/boards/ip/audio_direct_1.1' will take precedence over the same IP in location c:/Users/Home/Documents/GitHub/cv2PYNQ-The-project-behind-the-library/ip/PYNQ/ip/audio_direct_1.1
WARNING: [IP_Flow 19-1663] Duplicate IP found for 'digilentinc.com:ip:axi_dynclk:1.0'. The one found in IP location 'c:/Users/Home/Documents/GitHub/PYNQ/boards/ip/axi_dynclk_v1_0' will take precedence over the same IP in location c:/Users/Home/Documents/GitHub/cv2PYNQ-The-project-behind-the-library/ip/PYNQ/ip/axi_dynclk_v1_0
WARNING: [IP_Flow 19-1663] Duplicate IP found for 'xilinx.com:user:boolean_generator:1.1'. The one found in IP location 'c:/Users/Home/Documents/GitHub/PYNQ/boards/ip/boolean_generator_1.1' will take precedence over the same IP in location c:/Users/Home/Documents/GitHub/cv2PYNQ-The-project-behind-the-library/ip/PYNQ/ip/boolean_generator_1.1
WARNING: [IP_Flow 19-1663] Duplicate IP found for 'xilinx.com:user:debouncer:1.1'. The one found in IP location 'c:/Users/Home/Documents/GitHub/PYNQ/boards/ip/debouncer_1.1' will take precedence over the same IP in location c:/Users/Home/Documents/GitHub/cv2PYNQ-The-project-behind-the-library/ip/PYNQ/ip/debouncer_1.1
WARNING: [IP_Flow 19-1663] Duplicate IP found for 'xilinx.com:user:dff_en_reset_vector:1.0'. The one found in IP location 'c:/Users/Home/Documents/GitHub/PYNQ/boards/ip/dff_en_reset_vector_1.0' will take precedence over the same IP in location c:/Users/Home/Documents/GitHub/cv2PYNQ-The-project-behind-the-library/ip/PYNQ/ip/dff_en_reset_vector_1.0
WARNING: [IP_Flow 19-1663] Duplicate IP found for 'digilentinc.com:ip:dvi2rgb:1.7'. The one found in IP location 'c:/Users/Home/Documents/GitHub/PYNQ/boards/ip/dvi2rgb_v1_7' will take precedence over the same IP in location c:/Users/Home/Documents/GitHub/cv2PYNQ-The-project-behind-the-library/ip/PYNQ/ip/dvi2rgb_v1_7
WARNING: [IP_Flow 19-1663] Duplicate IP found for 'xilinx.com:user:fsm_controller:1.0'. The one found in IP location 'c:/Users/Home/Documents/GitHub/PYNQ/boards/ip/fsm_controller_1.1' will take precedence over the same IP in location c:/Users/Home/Documents/GitHub/cv2PYNQ-The-project-behind-the-library/ip/PYNQ/ip/fsm_controller_1.1
WARNING: [IP_Flow 19-1663] Duplicate IP found for 'xilinx.com:user:fsm_io_switch:1.1'. The one found in IP location 'c:/Users/Home/Documents/GitHub/PYNQ/boards/ip/fsm_io_switch_1.1' will take precedence over the same IP in location c:/Users/Home/Documents/GitHub/cv2PYNQ-The-project-behind-the-library/ip/PYNQ/ip/fsm_io_switch_1.1
WARNING: [IP_Flow 19-1663] Duplicate IP found for 'xilinx.com:user:gclk_generator:1.0'. The one found in IP location 'c:/Users/Home/Documents/GitHub/PYNQ/boards/ip/gclk_generator_1.0' will take precedence over the same IP in location c:/Users/Home/Documents/GitHub/cv2PYNQ-The-project-behind-the-library/ip/PYNQ/ip/gclk_generator_1.0
WARNING: [IP_Flow 19-1663] Duplicate IP found for 'xilinx.com:user:interface_switch:1.0'. The one found in IP location 'c:/Users/Home/Documents/GitHub/PYNQ/boards/ip/interface_switch_1.1' will take precedence over the same IP in location c:/Users/Home/Documents/GitHub/cv2PYNQ-The-project-behind-the-library/ip/PYNQ/ip/interface_switch_1.1
WARNING: [IP_Flow 19-1663] Duplicate IP found for 'xilinx.com:user:io_switch:1.1'. The one found in IP location 'c:/Users/Home/Documents/GitHub/PYNQ/boards/ip/io_switch_1.1' will take precedence over the same IP in location c:/Users/Home/Documents/GitHub/cv2PYNQ-The-project-behind-the-library/ip/PYNQ/ip/io_switch_1.1
WARNING: [IP_Flow 19-1663] Duplicate IP found for 'xilinx.com:user:mux_vector:1.0'. The one found in IP location 'c:/Users/Home/Documents/GitHub/PYNQ/boards/ip/mux_vector_1.0' will take precedence over the same IP in location c:/Users/Home/Documents/GitHub/cv2PYNQ-The-project-behind-the-library/ip/PYNQ/ip/mux_vector_1.0
WARNING: [IP_Flow 19-1663] Duplicate IP found for 'xilinx.com:user:pattern_controller:1.0'. The one found in IP location 'c:/Users/Home/Documents/GitHub/PYNQ/boards/ip/pattern_controller_1.1' will take precedence over the same IP in location c:/Users/Home/Documents/GitHub/cv2PYNQ-The-project-behind-the-library/ip/PYNQ/ip/pattern_controller_1.1
WARNING: [IP_Flow 19-1663] Duplicate IP found for 'digilentinc.com:ip:rgb2dvi:1.2'. The one found in IP location 'c:/Users/Home/Documents/GitHub/PYNQ/boards/ip/rgb2dvi_v1_2' will take precedence over the same IP in location c:/Users/Home/Documents/GitHub/cv2PYNQ-The-project-behind-the-library/ip/PYNQ/ip/rgb2dvi_v1_2
WARNING: [IP_Flow 19-1663] Duplicate IP found for 'xilinx.com:user:trace_generator_controller:1.0'. The one found in IP location 'c:/Users/Home/Documents/GitHub/PYNQ/boards/ip/trace_generator_controller_1.1' will take precedence over the same IP in location c:/Users/Home/Documents/GitHub/cv2PYNQ-The-project-behind-the-library/ip/PYNQ/ip/trace_generator_controller_1.1
WARNING: [IP_Flow 19-4830] Duplicate Interface found for 'digilentinc.com:interface:tmds:1.0'. The one found in location 'c:/Users/Home/Documents/GitHub/PYNQ/boards/ip/if/tmds_v1_0/tmds.xml' will take precedence over the same Interface in location 'c:/Users/Home/Documents/GitHub/cv2PYNQ-The-project-behind-the-library/ip/PYNQ/ip/if/tmds_v1_0/tmds.xml'
update_ip_catalog: Time (s): cpu = 00:00:04 ; elapsed = 00:00:17 . Memory (MB): peak = 1060.656 ; gain = 0.000
Command: synth_design -top base_pmoda_rpi_o_sel_0 -part xc7z020clg400-1 -mode out_of_context
Starting synth_design
Attempting to get a license for feature 'Synthesis' and/or device 'xc7z020'
INFO: [Common 17-349] Got license for feature 'Synthesis' and/or device 'xc7z020'
INFO: [Device 21-403] Loading part xc7z020clg400-1
INFO: [Synth 8-7079] Multithreading enabled for synth_design using a maximum of 2 processes.
INFO: [Synth 8-7078] Launching helper process for spawning children vivado processes
INFO: [Synth 8-7075] Helper process launched with PID 1220
---------------------------------------------------------------------------------
Starting RTL Elaboration : Time (s): cpu = 00:00:14 ; elapsed = 00:00:23 . Memory (MB): peak = 1060.656 ; gain = 0.000
---------------------------------------------------------------------------------
INFO: [Synth 8-6157] synthesizing module 'base_pmoda_rpi_o_sel_0' [c:/Users/Home/Documents/GitHub/PYNQ/boards/Pynq-Z2/base/base/base.srcs/sources_1/bd/base/ip/base_pmoda_rpi_o_sel_0/synth/base_pmoda_rpi_o_sel_0.v:58]
INFO: [Synth 8-6157] synthesizing module 'mux_vector' [c:/Users/Home/Documents/GitHub/PYNQ/boards/Pynq-Z2/base/base/base.srcs/sources_1/bd/base/ipshared/8ae7/mux_vector.v:5]
	Parameter C_SIZE bound to: 8 - type: integer 
	Parameter DELAY bound to: 0 - type: integer 
	Parameter C_NUM_CHANNELS bound to: 2 - type: integer 
INFO: [Synth 8-6155] done synthesizing module 'mux_vector' (1#1) [c:/Users/Home/Documents/GitHub/PYNQ/boards/Pynq-Z2/base/base/base.srcs/sources_1/bd/base/ipshared/8ae7/mux_vector.v:5]
INFO: [Synth 8-6155] done synthesizing module 'base_pmoda_rpi_o_sel_0' (2#1) [c:/Users/Home/Documents/GitHub/PYNQ/boards/Pynq-Z2/base/base/base.srcs/sources_1/bd/base/ip/base_pmoda_rpi_o_sel_0/synth/base_pmoda_rpi_o_sel_0.v:58]
---------------------------------------------------------------------------------
Finished RTL Elaboration : Time (s): cpu = 00:00:18 ; elapsed = 00:00:29 . Memory (MB): peak = 1060.656 ; gain = 0.000
---------------------------------------------------------------------------------
---------------------------------------------------------------------------------
Start Handling Custom Attributes
---------------------------------------------------------------------------------
---------------------------------------------------------------------------------
Finished Handling Custom Attributes : Time (s): cpu = 00:00:20 ; elapsed = 00:00:31 . Memory (MB): peak = 1060.656 ; gain = 0.000
---------------------------------------------------------------------------------
---------------------------------------------------------------------------------
Finished RTL Optimization Phase 1 : Time (s): cpu = 00:00:20 ; elapsed = 00:00:31 . Memory (MB): peak = 1060.656 ; gain = 0.000
---------------------------------------------------------------------------------
Netlist sorting complete. Time (s): cpu = 00:00:00 ; elapsed = 00:00:00.002 . Memory (MB): peak = 1060.656 ; gain = 0.000
INFO: [Project 1-570] Preparing netlist for logic optimization

Processing XDC Constraints
Initializing timing engine
Completed Processing XDC Constraints

Netlist sorting complete. Time (s): cpu = 00:00:00 ; elapsed = 00:00:00 . Memory (MB): peak = 1060.656 ; gain = 0.000
INFO: [Project 1-111] Unisim Transformation Summary:
No Unisim elements were transformed.

Constraint Validation Runtime : Time (s): cpu = 00:00:00 ; elapsed = 00:00:00.062 . Memory (MB): peak = 1060.656 ; gain = 0.000
---------------------------------------------------------------------------------
Finished Constraint Validation : Time (s): cpu = 00:00:39 ; elapsed = 00:00:59 . Memory (MB): peak = 1060.656 ; gain = 0.000
---------------------------------------------------------------------------------
---------------------------------------------------------------------------------
Start Loading Part and Timing Information
---------------------------------------------------------------------------------
Loading part: xc7z020clg400-1
---------------------------------------------------------------------------------
Finished Loading Part and Timing Information : Time (s): cpu = 00:00:39 ; elapsed = 00:00:59 . Memory (MB): peak = 1060.656 ; gain = 0.000
---------------------------------------------------------------------------------
---------------------------------------------------------------------------------
Start Applying 'set_property' XDC Constraints
---------------------------------------------------------------------------------
---------------------------------------------------------------------------------
Finished applying 'set_property' XDC Constraints : Time (s): cpu = 00:00:39 ; elapsed = 00:00:59 . Memory (MB): peak = 1060.656 ; gain = 0.000
---------------------------------------------------------------------------------
---------------------------------------------------------------------------------
Finished RTL Optimization Phase 2 : Time (s): cpu = 00:00:39 ; elapsed = 00:01:00 . Memory (MB): peak = 1060.656 ; gain = 0.000
---------------------------------------------------------------------------------
---------------------------------------------------------------------------------
Start RTL Component Statistics 
---------------------------------------------------------------------------------
Detailed RTL Component Info : 
+---Muxes : 
	   2 Input    8 Bit        Muxes := 2     
---------------------------------------------------------------------------------
Finished RTL Component Statistics 
---------------------------------------------------------------------------------
---------------------------------------------------------------------------------
Start Part Resource Summary
---------------------------------------------------------------------------------
Part Resources:
DSPs: 220 (col length:60)
BRAMs: 280 (col length: RAMB18 60 RAMB36 30)
---------------------------------------------------------------------------------
Finished Part Resource Summary
---------------------------------------------------------------------------------
---------------------------------------------------------------------------------
Start Cross Boundary and Area Optimization
---------------------------------------------------------------------------------
---------------------------------------------------------------------------------
Finished Cross Boundary and Area Optimization : Time (s): cpu = 00:00:44 ; elapsed = 00:01:07 . Memory (MB): peak = 1060.656 ; gain = 0.000
---------------------------------------------------------------------------------
---------------------------------------------------------------------------------
Start Applying XDC Timing Constraints
---------------------------------------------------------------------------------
---------------------------------------------------------------------------------
Finished Applying XDC Timing Constraints : Time (s): cpu = 00:01:09 ; elapsed = 00:01:40 . Memory (MB): peak = 1116.238 ; gain = 55.582
---------------------------------------------------------------------------------
---------------------------------------------------------------------------------
Start Timing Optimization
---------------------------------------------------------------------------------
---------------------------------------------------------------------------------
Finished Timing Optimization : Time (s): cpu = 00:01:09 ; elapsed = 00:01:40 . Memory (MB): peak = 1116.312 ; gain = 55.656
---------------------------------------------------------------------------------
---------------------------------------------------------------------------------
Start Technology Mapping
---------------------------------------------------------------------------------
---------------------------------------------------------------------------------
Finished Technology Mapping : Time (s): cpu = 00:01:09 ; elapsed = 00:01:40 . Memory (MB): peak = 1135.391 ; gain = 74.734
---------------------------------------------------------------------------------
---------------------------------------------------------------------------------
Start IO Insertion
---------------------------------------------------------------------------------
---------------------------------------------------------------------------------
Start Flattening Before IO Insertion
---------------------------------------------------------------------------------
---------------------------------------------------------------------------------
Finished Flattening Before IO Insertion
---------------------------------------------------------------------------------
---------------------------------------------------------------------------------
Start Final Netlist Cleanup
---------------------------------------------------------------------------------
---------------------------------------------------------------------------------
Finished Final Netlist Cleanup
---------------------------------------------------------------------------------
---------------------------------------------------------------------------------
Finished IO Insertion : Time (s): cpu = 00:01:21 ; elapsed = 00:01:58 . Memory (MB): peak = 1140.199 ; gain = 79.543
---------------------------------------------------------------------------------
---------------------------------------------------------------------------------
Start Renaming Generated Instances
---------------------------------------------------------------------------------
---------------------------------------------------------------------------------
Finished Renaming Generated Instances : Time (s): cpu = 00:01:21 ; elapsed = 00:01:58 . Memory (MB): peak = 1140.199 ; gain = 79.543
---------------------------------------------------------------------------------
---------------------------------------------------------------------------------
Start Rebuilding User Hierarchy
---------------------------------------------------------------------------------
---------------------------------------------------------------------------------
Finished Rebuilding User Hierarchy : Time (s): cpu = 00:01:21 ; elapsed = 00:01:58 . Memory (MB): peak = 1140.199 ; gain = 79.543
---------------------------------------------------------------------------------
---------------------------------------------------------------------------------
Start Renaming Generated Ports
---------------------------------------------------------------------------------
---------------------------------------------------------------------------------
Finished Renaming Generated Ports : Time (s): cpu = 00:01:21 ; elapsed = 00:01:58 . Memory (MB): peak = 1140.199 ; gain = 79.543
---------------------------------------------------------------------------------
---------------------------------------------------------------------------------
Start Handling Custom Attributes
---------------------------------------------------------------------------------
---------------------------------------------------------------------------------
Finished Handling Custom Attributes : Time (s): cpu = 00:01:21 ; elapsed = 00:01:58 . Memory (MB): peak = 1140.199 ; gain = 79.543
---------------------------------------------------------------------------------
---------------------------------------------------------------------------------
Start Renaming Generated Nets
---------------------------------------------------------------------------------
---------------------------------------------------------------------------------
Finished Renaming Generated Nets : Time (s): cpu = 00:01:21 ; elapsed = 00:01:58 . Memory (MB): peak = 1140.199 ; gain = 79.543
---------------------------------------------------------------------------------
---------------------------------------------------------------------------------
Start Writing Synthesis Report
---------------------------------------------------------------------------------

Report BlackBoxes: 
+-+--------------+----------+
| |BlackBox name |Instances |
+-+--------------+----------+
+-+--------------+----------+

Report Cell Usage: 
+------+-----+------+
|      |Cell |Count |
+------+-----+------+
|1     |LUT3 |     8|
+------+-----+------+
---------------------------------------------------------------------------------
Finished Writing Synthesis Report : Time (s): cpu = 00:01:21 ; elapsed = 00:01:58 . Memory (MB): peak = 1140.199 ; gain = 79.543
---------------------------------------------------------------------------------
Synthesis finished with 0 errors, 0 critical warnings and 0 warnings.
Synthesis Optimization Runtime : Time (s): cpu = 00:00:56 ; elapsed = 00:01:51 . Memory (MB): peak = 1140.199 ; gain = 79.543
Synthesis Optimization Complete : Time (s): cpu = 00:01:22 ; elapsed = 00:01:58 . Memory (MB): peak = 1140.199 ; gain = 79.543
INFO: [Project 1-571] Translating synthesized netlist
Netlist sorting complete. Time (s): cpu = 00:00:00 ; elapsed = 00:00:00 . Memory (MB): peak = 1153.250 ; gain = 0.000
INFO: [Project 1-570] Preparing netlist for logic optimization
INFO: [Opt 31-138] Pushed 0 inverter(s) to 0 load pin(s).
Netlist sorting complete. Time (s): cpu = 00:00:00 ; elapsed = 00:00:00 . Memory (MB): peak = 1158.832 ; gain = 0.000
INFO: [Project 1-111] Unisim Transformation Summary:
No Unisim elements were transformed.

INFO: [Common 17-83] Releasing license: Synthesis
21 Infos, 17 Warnings, 0 Critical Warnings and 0 Errors encountered.
synth_design completed successfully
synth_design: Time (s): cpu = 00:01:41 ; elapsed = 00:02:31 . Memory (MB): peak = 1158.832 ; gain = 98.176
INFO: [Common 17-1381] The checkpoint 'C:/Users/Home/Documents/GitHub/PYNQ/boards/Pynq-Z2/base/base/base.runs/base_pmoda_rpi_o_sel_0_synth_1/base_pmoda_rpi_o_sel_0.dcp' has been generated.
WARNING: [Common 17-576] 'use_project_ipc' is deprecated. This option is deprecated and no longer used.
INFO: [Coretcl 2-1648] Added synthesis output to IP cache for IP base_pmoda_rpi_o_sel_0, cache-ID = 0422c564f6bf11cd
INFO: [Common 17-1381] The checkpoint 'C:/Users/Home/Documents/GitHub/PYNQ/boards/Pynq-Z2/base/base/base.runs/base_pmoda_rpi_o_sel_0_synth_1/base_pmoda_rpi_o_sel_0.dcp' has been generated.
INFO: [runtcl-4] Executing : report_utilization -file base_pmoda_rpi_o_sel_0_utilization_synth.rpt -pb base_pmoda_rpi_o_sel_0_utilization_synth.pb
INFO: [Common 17-206] Exiting Vivado at Fri Apr 22 21:00:24 2022...
