
*** Running vivado
    with args -log base_arduino_gpio_0.vds -m64 -product Vivado -mode batch -messageDb vivado.pb -notrace -source base_arduino_gpio_0.tcl



****** Vivado v2020.1 (64-bit)
  **** SW Build 2902540 on Wed May 27 19:54:49 MDT 2020
  **** IP Build 2902112 on Wed May 27 22:43:36 MDT 2020
    ** Copyright 1986-2020 Xilinx, Inc. All Rights Reserved.

source base_arduino_gpio_0.tcl -notrace
INFO: [IP_Flow 19-234] Refreshing IP repositories
INFO: [IP_Flow 19-1700] Loaded user IP repository 'c:/Users/Home/Documents/GitHub/PYNQ/boards/ip'.
INFO: [IP_Flow 19-1700] Loaded user IP repository 'c:/Users/Home/Documents/GitHub/cv2PYNQ-The-project-behind-the-library/cv2PYNQ_vivado'.
INFO: [IP_Flow 19-1700] Loaded user IP repository 'c:/Users/Home/Documents/GitHub/cv2PYNQ-The-project-behind-the-library/ip'.
INFO: [IP_Flow 19-2313] Loaded Vivado IP repository 'C:/Xilinx/Vivado/2020.1/data/ip'.
WARNING: [IP_Flow 19-1663] Duplicate IP found for 'xilinx.com:user:audio_codec_ctrl:1.0'. The one found in IP location 'c:/Users/Home/Documents/GitHub/PYNQ/boards/ip/audio_codec_ctrl_v1.0' will take precedence over the same IP in location c:/Users/Home/Documents/GitHub/cv2PYNQ-The-project-behind-the-library/ip/PYNQ/ip/audio_codec_ctrl_v1.0
WARNING: [IP_Flow 19-1663] Duplicate IP found for 'xilinx.com:user:audio_direct:1.1'. The one found in IP location 'c:/Users/Home/Documents/GitHub/PYNQ/boards/ip/audio_direct_1.1' will take precedence over the same IP in location c:/Users/Home/Documents/GitHub/cv2PYNQ-The-project-behind-the-library/ip/PYNQ/ip/audio_direct_1.1
WARNING: [IP_Flow 19-1663] Duplicate IP found for 'digilentinc.com:ip:axi_dynclk:1.0'. The one found in IP location 'c:/Users/Home/Documents/GitHub/PYNQ/boards/ip/axi_dynclk_v1_0' will take precedence over the same IP in location c:/Users/Home/Documents/GitHub/cv2PYNQ-The-project-behind-the-library/ip/PYNQ/ip/axi_dynclk_v1_0
WARNING: [IP_Flow 19-1663] Duplicate IP found for 'xilinx.com:user:boolean_generator:1.1'. The one found in IP location 'c:/Users/Home/Documents/GitHub/PYNQ/boards/ip/boolean_generator_1.1' will take precedence over the same IP in location c:/Users/Home/Documents/GitHub/cv2PYNQ-The-project-behind-the-library/ip/PYNQ/ip/boolean_generator_1.1
WARNING: [IP_Flow 19-1663] Duplicate IP found for 'xilinx.com:user:debouncer:1.1'. The one found in IP location 'c:/Users/Home/Documents/GitHub/PYNQ/boards/ip/debouncer_1.1' will take precedence over the same IP in location c:/Users/Home/Documents/GitHub/cv2PYNQ-The-project-behind-the-library/ip/PYNQ/ip/debouncer_1.1
WARNING: [IP_Flow 19-1663] Duplicate IP found for 'xilinx.com:user:dff_en_reset_vector:1.0'. The one found in IP location 'c:/Users/Home/Documents/GitHub/PYNQ/boards/ip/dff_en_reset_vector_1.0' will take precedence over the same IP in location c:/Users/Home/Documents/GitHub/cv2PYNQ-The-project-behind-the-library/ip/PYNQ/ip/dff_en_reset_vector_1.0
WARNING: [IP_Flow 19-1663] Duplicate IP found for 'digilentinc.com:ip:dvi2rgb:1.7'. The one found in IP location 'c:/Users/Home/Documents/GitHub/PYNQ/boards/ip/dvi2rgb_v1_7' will take precedence over the same IP in location c:/Users/Home/Documents/GitHub/cv2PYNQ-The-project-behind-the-library/ip/PYNQ/ip/dvi2rgb_v1_7
WARNING: [IP_Flow 19-1663] Duplicate IP found for 'xilinx.com:user:fsm_controller:1.0'. The one found in IP location 'c:/Users/Home/Documents/GitHub/PYNQ/boards/ip/fsm_controller_1.1' will take precedence over the same IP in location c:/Users/Home/Documents/GitHub/cv2PYNQ-The-project-behind-the-library/ip/PYNQ/ip/fsm_controller_1.1
WARNING: [IP_Flow 19-1663] Duplicate IP found for 'xilinx.com:user:fsm_io_switch:1.1'. The one found in IP location 'c:/Users/Home/Documents/GitHub/PYNQ/boards/ip/fsm_io_switch_1.1' will take precedence over the same IP in location c:/Users/Home/Documents/GitHub/cv2PYNQ-The-project-behind-the-library/ip/PYNQ/ip/fsm_io_switch_1.1
WARNING: [IP_Flow 19-1663] Duplicate IP found for 'xilinx.com:user:gclk_generator:1.0'. The one found in IP location 'c:/Users/Home/Documents/GitHub/PYNQ/boards/ip/gclk_generator_1.0' will take precedence over the same IP in location c:/Users/Home/Documents/GitHub/cv2PYNQ-The-project-behind-the-library/ip/PYNQ/ip/gclk_generator_1.0
WARNING: [IP_Flow 19-1663] Duplicate IP found for 'xilinx.com:user:interface_switch:1.0'. The one found in IP location 'c:/Users/Home/Documents/GitHub/PYNQ/boards/ip/interface_switch_1.1' will take precedence over the same IP in location c:/Users/Home/Documents/GitHub/cv2PYNQ-The-project-behind-the-library/ip/PYNQ/ip/interface_switch_1.1
WARNING: [IP_Flow 19-1663] Duplicate IP found for 'xilinx.com:user:io_switch:1.1'. The one found in IP location 'c:/Users/Home/Documents/GitHub/PYNQ/boards/ip/io_switch_1.1' will take precedence over the same IP in location c:/Users/Home/Documents/GitHub/cv2PYNQ-The-project-behind-the-library/ip/PYNQ/ip/io_switch_1.1
WARNING: [IP_Flow 19-1663] Duplicate IP found for 'xilinx.com:user:mux_vector:1.0'. The one found in IP location 'c:/Users/Home/Documents/GitHub/PYNQ/boards/ip/mux_vector_1.0' will take precedence over the same IP in location c:/Users/Home/Documents/GitHub/cv2PYNQ-The-project-behind-the-library/ip/PYNQ/ip/mux_vector_1.0
WARNING: [IP_Flow 19-1663] Duplicate IP found for 'xilinx.com:user:pattern_controller:1.0'. The one found in IP location 'c:/Users/Home/Documents/GitHub/PYNQ/boards/ip/pattern_controller_1.1' will take precedence over the same IP in location c:/Users/Home/Documents/GitHub/cv2PYNQ-The-project-behind-the-library/ip/PYNQ/ip/pattern_controller_1.1
WARNING: [IP_Flow 19-1663] Duplicate IP found for 'digilentinc.com:ip:rgb2dvi:1.2'. The one found in IP location 'c:/Users/Home/Documents/GitHub/PYNQ/boards/ip/rgb2dvi_v1_2' will take precedence over the same IP in location c:/Users/Home/Documents/GitHub/cv2PYNQ-The-project-behind-the-library/ip/PYNQ/ip/rgb2dvi_v1_2
WARNING: [IP_Flow 19-1663] Duplicate IP found for 'xilinx.com:user:trace_generator_controller:1.0'. The one found in IP location 'c:/Users/Home/Documents/GitHub/PYNQ/boards/ip/trace_generator_controller_1.1' will take precedence over the same IP in location c:/Users/Home/Documents/GitHub/cv2PYNQ-The-project-behind-the-library/ip/PYNQ/ip/trace_generator_controller_1.1
WARNING: [IP_Flow 19-4830] Duplicate Interface found for 'digilentinc.com:interface:tmds:1.0'. The one found in location 'c:/Users/Home/Documents/GitHub/PYNQ/boards/ip/if/tmds_v1_0/tmds.xml' will take precedence over the same Interface in location 'c:/Users/Home/Documents/GitHub/cv2PYNQ-The-project-behind-the-library/ip/PYNQ/ip/if/tmds_v1_0/tmds.xml'
update_ip_catalog: Time (s): cpu = 00:00:03 ; elapsed = 00:00:09 . Memory (MB): peak = 1059.727 ; gain = 0.000
Command: synth_design -top base_arduino_gpio_0 -part xc7z020clg400-1 -mode out_of_context
Starting synth_design
Attempting to get a license for feature 'Synthesis' and/or device 'xc7z020'
INFO: [Common 17-349] Got license for feature 'Synthesis' and/or device 'xc7z020'
INFO: [Device 21-403] Loading part xc7z020clg400-1
INFO: [Synth 8-7079] Multithreading enabled for synth_design using a maximum of 2 processes.
INFO: [Synth 8-7078] Launching helper process for spawning children vivado processes
INFO: [Synth 8-7075] Helper process launched with PID 1264
---------------------------------------------------------------------------------
Starting RTL Elaboration : Time (s): cpu = 00:00:12 ; elapsed = 00:00:12 . Memory (MB): peak = 1059.727 ; gain = 0.000
---------------------------------------------------------------------------------
INFO: [Synth 8-638] synthesizing module 'base_arduino_gpio_0' [c:/Users/Home/Documents/GitHub/PYNQ/boards/Pynq-Z2/base/base/base.srcs/sources_1/bd/base/ip/base_arduino_gpio_0/synth/base_arduino_gpio_0.vhd:87]
	Parameter C_FAMILY bound to: zynq - type: string 
	Parameter C_S_AXI_ADDR_WIDTH bound to: 9 - type: integer 
	Parameter C_S_AXI_DATA_WIDTH bound to: 32 - type: integer 
	Parameter C_GPIO_WIDTH bound to: 20 - type: integer 
	Parameter C_GPIO2_WIDTH bound to: 32 - type: integer 
	Parameter C_ALL_INPUTS bound to: 0 - type: integer 
	Parameter C_ALL_INPUTS_2 bound to: 0 - type: integer 
	Parameter C_ALL_OUTPUTS bound to: 0 - type: integer 
	Parameter C_ALL_OUTPUTS_2 bound to: 0 - type: integer 
	Parameter C_INTERRUPT_PRESENT bound to: 1 - type: integer 
	Parameter C_DOUT_DEFAULT bound to: 32'b00000000000000000000000000000000 
	Parameter C_TRI_DEFAULT bound to: 32'b11111111111111111111111111111111 
	Parameter C_IS_DUAL bound to: 0 - type: integer 
	Parameter C_DOUT_DEFAULT_2 bound to: 32'b00000000000000000000000000000000 
	Parameter C_TRI_DEFAULT_2 bound to: 32'b11111111111111111111111111111111 
INFO: [Synth 8-3491] module 'axi_gpio' declared at 'c:/Users/Home/Documents/GitHub/PYNQ/boards/Pynq-Z2/base/base/base.srcs/sources_1/bd/base/ipshared/bb35/hdl/axi_gpio_v2_0_vh_rfs.vhd:1265' bound to instance 'U0' of component 'axi_gpio' [c:/Users/Home/Documents/GitHub/PYNQ/boards/Pynq-Z2/base/base/base.srcs/sources_1/bd/base/ip/base_arduino_gpio_0/synth/base_arduino_gpio_0.vhd:175]
INFO: [Synth 8-638] synthesizing module 'axi_gpio' [c:/Users/Home/Documents/GitHub/PYNQ/boards/Pynq-Z2/base/base/base.srcs/sources_1/bd/base/ipshared/bb35/hdl/axi_gpio_v2_0_vh_rfs.vhd:1351]
	Parameter C_FAMILY bound to: zynq - type: string 
	Parameter C_S_AXI_ADDR_WIDTH bound to: 9 - type: integer 
	Parameter C_S_AXI_DATA_WIDTH bound to: 32 - type: integer 
	Parameter C_GPIO_WIDTH bound to: 20 - type: integer 
	Parameter C_GPIO2_WIDTH bound to: 32 - type: integer 
	Parameter C_ALL_INPUTS bound to: 0 - type: integer 
	Parameter C_ALL_INPUTS_2 bound to: 0 - type: integer 
	Parameter C_ALL_OUTPUTS bound to: 0 - type: integer 
	Parameter C_ALL_OUTPUTS_2 bound to: 0 - type: integer 
	Parameter C_INTERRUPT_PRESENT bound to: 1 - type: integer 
	Parameter C_DOUT_DEFAULT bound to: 0 - type: integer 
	Parameter C_TRI_DEFAULT bound to: -1 - type: integer 
	Parameter C_IS_DUAL bound to: 0 - type: integer 
	Parameter C_DOUT_DEFAULT_2 bound to: 0 - type: integer 
	Parameter C_TRI_DEFAULT_2 bound to: -1 - type: integer 
INFO: [Synth 8-638] synthesizing module 'axi_lite_ipif' [c:/Users/Home/Documents/GitHub/PYNQ/boards/Pynq-Z2/base/base/base.srcs/sources_1/bd/base/ipshared/66ea/hdl/axi_lite_ipif_v3_0_vh_rfs.vhd:2948]
	Parameter C_S_AXI_DATA_WIDTH bound to: 32 - type: integer 
	Parameter C_S_AXI_ADDR_WIDTH bound to: 9 - type: integer 
	Parameter C_S_AXI_MIN_SIZE bound to: 32'b00000000000000000000000111111111 
	Parameter C_USE_WSTRB bound to: 0 - type: integer 
	Parameter C_DPHASE_TIMEOUT bound to: 8 - type: integer 
	Parameter C_ARD_ADDR_RANGE_ARRAY bound to: 256'b0000000000000000000000000000000000000000000000000000000000000000000000000000000000000000000000000000000000000000000000000000111100000000000000000000000000000000000000000000000000000001000000000000000000000000000000000000000000000000000000000000000111111111 
	Parameter C_ARD_NUM_CE_ARRAY bound to: 64'b0000000000000000000000000001000000000000000000000000000000000100 
	Parameter C_FAMILY bound to: zynq - type: string 
INFO: [Synth 8-638] synthesizing module 'slave_attachment' [c:/Users/Home/Documents/GitHub/PYNQ/boards/Pynq-Z2/base/base/base.srcs/sources_1/bd/base/ipshared/66ea/hdl/axi_lite_ipif_v3_0_vh_rfs.vhd:2341]
	Parameter C_ARD_ADDR_RANGE_ARRAY bound to: 256'b0000000000000000000000000000000000000000000000000000000000000000000000000000000000000000000000000000000000000000000000000000111100000000000000000000000000000000000000000000000000000001000000000000000000000000000000000000000000000000000000000000000111111111 
	Parameter C_ARD_NUM_CE_ARRAY bound to: 64'b0000000000000000000000000001000000000000000000000000000000000100 
	Parameter C_IPIF_ABUS_WIDTH bound to: 9 - type: integer 
	Parameter C_IPIF_DBUS_WIDTH bound to: 32 - type: integer 
	Parameter C_S_AXI_MIN_SIZE bound to: 511 - type: integer 
	Parameter C_USE_WSTRB bound to: 0 - type: integer 
	Parameter C_DPHASE_TIMEOUT bound to: 8 - type: integer 
	Parameter C_FAMILY bound to: zynq - type: string 
INFO: [Synth 8-638] synthesizing module 'address_decoder' [c:/Users/Home/Documents/GitHub/PYNQ/boards/Pynq-Z2/base/base/base.srcs/sources_1/bd/base/ipshared/66ea/hdl/axi_lite_ipif_v3_0_vh_rfs.vhd:1775]
	Parameter C_BUS_AWIDTH bound to: 9 - type: integer 
	Parameter C_S_AXI_MIN_SIZE bound to: 511 - type: integer 
	Parameter C_ARD_ADDR_RANGE_ARRAY bound to: 256'b0000000000000000000000000000000000000000000000000000000000000000000000000000000000000000000000000000000000000000000000000000111100000000000000000000000000000000000000000000000000000001000000000000000000000000000000000000000000000000000000000000000111111111 
	Parameter C_ARD_NUM_CE_ARRAY bound to: 64'b0000000000000000000000000001000000000000000000000000000000000100 
	Parameter C_FAMILY bound to: nofamily - type: string 
INFO: [Synth 8-638] synthesizing module 'pselect_f' [c:/Users/Home/Documents/GitHub/PYNQ/boards/Pynq-Z2/base/base/base.srcs/sources_1/bd/base/ipshared/66ea/hdl/axi_lite_ipif_v3_0_vh_rfs.vhd:1534]
	Parameter C_AB bound to: 5 - type: integer 
	Parameter C_AW bound to: 9 - type: integer 
	Parameter C_BAR bound to: 9'b000000000 
	Parameter C_FAMILY bound to: nofamily - type: string 
INFO: [Synth 8-256] done synthesizing module 'pselect_f' (1#1) [c:/Users/Home/Documents/GitHub/PYNQ/boards/Pynq-Z2/base/base/base.srcs/sources_1/bd/base/ipshared/66ea/hdl/axi_lite_ipif_v3_0_vh_rfs.vhd:1534]
INFO: [Synth 8-638] synthesizing module 'pselect_f__parameterized0' [c:/Users/Home/Documents/GitHub/PYNQ/boards/Pynq-Z2/base/base/base.srcs/sources_1/bd/base/ipshared/66ea/hdl/axi_lite_ipif_v3_0_vh_rfs.vhd:1534]
	Parameter C_AB bound to: 2 - type: integer 
	Parameter C_AW bound to: 2 - type: integer 
	Parameter C_BAR bound to: 2'b00 
	Parameter C_FAMILY bound to: nofamily - type: string 
INFO: [Synth 8-256] done synthesizing module 'pselect_f__parameterized0' (1#1) [c:/Users/Home/Documents/GitHub/PYNQ/boards/Pynq-Z2/base/base/base.srcs/sources_1/bd/base/ipshared/66ea/hdl/axi_lite_ipif_v3_0_vh_rfs.vhd:1534]
INFO: [Synth 8-638] synthesizing module 'pselect_f__parameterized1' [c:/Users/Home/Documents/GitHub/PYNQ/boards/Pynq-Z2/base/base/base.srcs/sources_1/bd/base/ipshared/66ea/hdl/axi_lite_ipif_v3_0_vh_rfs.vhd:1534]
	Parameter C_AB bound to: 2 - type: integer 
	Parameter C_AW bound to: 2 - type: integer 
	Parameter C_BAR bound to: 2'b01 
	Parameter C_FAMILY bound to: nofamily - type: string 
INFO: [Synth 8-256] done synthesizing module 'pselect_f__parameterized1' (1#1) [c:/Users/Home/Documents/GitHub/PYNQ/boards/Pynq-Z2/base/base/base.srcs/sources_1/bd/base/ipshared/66ea/hdl/axi_lite_ipif_v3_0_vh_rfs.vhd:1534]
INFO: [Synth 8-638] synthesizing module 'pselect_f__parameterized2' [c:/Users/Home/Documents/GitHub/PYNQ/boards/Pynq-Z2/base/base/base.srcs/sources_1/bd/base/ipshared/66ea/hdl/axi_lite_ipif_v3_0_vh_rfs.vhd:1534]
	Parameter C_AB bound to: 2 - type: integer 
	Parameter C_AW bound to: 2 - type: integer 
	Parameter C_BAR bound to: 2'b10 
	Parameter C_FAMILY bound to: nofamily - type: string 
INFO: [Synth 8-256] done synthesizing module 'pselect_f__parameterized2' (1#1) [c:/Users/Home/Documents/GitHub/PYNQ/boards/Pynq-Z2/base/base/base.srcs/sources_1/bd/base/ipshared/66ea/hdl/axi_lite_ipif_v3_0_vh_rfs.vhd:1534]
INFO: [Synth 8-638] synthesizing module 'pselect_f__parameterized3' [c:/Users/Home/Documents/GitHub/PYNQ/boards/Pynq-Z2/base/base/base.srcs/sources_1/bd/base/ipshared/66ea/hdl/axi_lite_ipif_v3_0_vh_rfs.vhd:1534]
	Parameter C_AB bound to: 2 - type: integer 
	Parameter C_AW bound to: 2 - type: integer 
	Parameter C_BAR bound to: 2'b11 
	Parameter C_FAMILY bound to: nofamily - type: string 
INFO: [Synth 8-256] done synthesizing module 'pselect_f__parameterized3' (1#1) [c:/Users/Home/Documents/GitHub/PYNQ/boards/Pynq-Z2/base/base/base.srcs/sources_1/bd/base/ipshared/66ea/hdl/axi_lite_ipif_v3_0_vh_rfs.vhd:1534]
INFO: [Synth 8-638] synthesizing module 'pselect_f__parameterized4' [c:/Users/Home/Documents/GitHub/PYNQ/boards/Pynq-Z2/base/base/base.srcs/sources_1/bd/base/ipshared/66ea/hdl/axi_lite_ipif_v3_0_vh_rfs.vhd:1534]
	Parameter C_AB bound to: 1 - type: integer 
	Parameter C_AW bound to: 9 - type: integer 
	Parameter C_BAR bound to: 9'b100000000 
	Parameter C_FAMILY bound to: nofamily - type: string 
INFO: [Synth 8-256] done synthesizing module 'pselect_f__parameterized4' (1#1) [c:/Users/Home/Documents/GitHub/PYNQ/boards/Pynq-Z2/base/base/base.srcs/sources_1/bd/base/ipshared/66ea/hdl/axi_lite_ipif_v3_0_vh_rfs.vhd:1534]
INFO: [Synth 8-638] synthesizing module 'pselect_f__parameterized5' [c:/Users/Home/Documents/GitHub/PYNQ/boards/Pynq-Z2/base/base/base.srcs/sources_1/bd/base/ipshared/66ea/hdl/axi_lite_ipif_v3_0_vh_rfs.vhd:1534]
	Parameter C_AB bound to: 4 - type: integer 
	Parameter C_AW bound to: 4 - type: integer 
	Parameter C_BAR bound to: 4'b0000 
	Parameter C_FAMILY bound to: nofamily - type: string 
INFO: [Synth 8-256] done synthesizing module 'pselect_f__parameterized5' (1#1) [c:/Users/Home/Documents/GitHub/PYNQ/boards/Pynq-Z2/base/base/base.srcs/sources_1/bd/base/ipshared/66ea/hdl/axi_lite_ipif_v3_0_vh_rfs.vhd:1534]
INFO: [Synth 8-638] synthesizing module 'pselect_f__parameterized6' [c:/Users/Home/Documents/GitHub/PYNQ/boards/Pynq-Z2/base/base/base.srcs/sources_1/bd/base/ipshared/66ea/hdl/axi_lite_ipif_v3_0_vh_rfs.vhd:1534]
	Parameter C_AB bound to: 4 - type: integer 
	Parameter C_AW bound to: 4 - type: integer 
	Parameter C_BAR bound to: 4'b0001 
	Parameter C_FAMILY bound to: nofamily - type: string 
INFO: [Synth 8-256] done synthesizing module 'pselect_f__parameterized6' (1#1) [c:/Users/Home/Documents/GitHub/PYNQ/boards/Pynq-Z2/base/base/base.srcs/sources_1/bd/base/ipshared/66ea/hdl/axi_lite_ipif_v3_0_vh_rfs.vhd:1534]
INFO: [Synth 8-638] synthesizing module 'pselect_f__parameterized7' [c:/Users/Home/Documents/GitHub/PYNQ/boards/Pynq-Z2/base/base/base.srcs/sources_1/bd/base/ipshared/66ea/hdl/axi_lite_ipif_v3_0_vh_rfs.vhd:1534]
	Parameter C_AB bound to: 4 - type: integer 
	Parameter C_AW bound to: 4 - type: integer 
	Parameter C_BAR bound to: 4'b0010 
	Parameter C_FAMILY bound to: nofamily - type: string 
INFO: [Synth 8-256] done synthesizing module 'pselect_f__parameterized7' (1#1) [c:/Users/Home/Documents/GitHub/PYNQ/boards/Pynq-Z2/base/base/base.srcs/sources_1/bd/base/ipshared/66ea/hdl/axi_lite_ipif_v3_0_vh_rfs.vhd:1534]
INFO: [Synth 8-638] synthesizing module 'pselect_f__parameterized8' [c:/Users/Home/Documents/GitHub/PYNQ/boards/Pynq-Z2/base/base/base.srcs/sources_1/bd/base/ipshared/66ea/hdl/axi_lite_ipif_v3_0_vh_rfs.vhd:1534]
	Parameter C_AB bound to: 4 - type: integer 
	Parameter C_AW bound to: 4 - type: integer 
	Parameter C_BAR bound to: 4'b0011 
	Parameter C_FAMILY bound to: nofamily - type: string 
INFO: [Synth 8-256] done synthesizing module 'pselect_f__parameterized8' (1#1) [c:/Users/Home/Documents/GitHub/PYNQ/boards/Pynq-Z2/base/base/base.srcs/sources_1/bd/base/ipshared/66ea/hdl/axi_lite_ipif_v3_0_vh_rfs.vhd:1534]
INFO: [Synth 8-638] synthesizing module 'pselect_f__parameterized9' [c:/Users/Home/Documents/GitHub/PYNQ/boards/Pynq-Z2/base/base/base.srcs/sources_1/bd/base/ipshared/66ea/hdl/axi_lite_ipif_v3_0_vh_rfs.vhd:1534]
	Parameter C_AB bound to: 4 - type: integer 
	Parameter C_AW bound to: 4 - type: integer 
	Parameter C_BAR bound to: 4'b0100 
	Parameter C_FAMILY bound to: nofamily - type: string 
INFO: [Synth 8-256] done synthesizing module 'pselect_f__parameterized9' (1#1) [c:/Users/Home/Documents/GitHub/PYNQ/boards/Pynq-Z2/base/base/base.srcs/sources_1/bd/base/ipshared/66ea/hdl/axi_lite_ipif_v3_0_vh_rfs.vhd:1534]
INFO: [Synth 8-638] synthesizing module 'pselect_f__parameterized10' [c:/Users/Home/Documents/GitHub/PYNQ/boards/Pynq-Z2/base/base/base.srcs/sources_1/bd/base/ipshared/66ea/hdl/axi_lite_ipif_v3_0_vh_rfs.vhd:1534]
	Parameter C_AB bound to: 4 - type: integer 
	Parameter C_AW bound to: 4 - type: integer 
	Parameter C_BAR bound to: 4'b0101 
	Parameter C_FAMILY bound to: nofamily - type: string 
INFO: [Synth 8-256] done synthesizing module 'pselect_f__parameterized10' (1#1) [c:/Users/Home/Documents/GitHub/PYNQ/boards/Pynq-Z2/base/base/base.srcs/sources_1/bd/base/ipshared/66ea/hdl/axi_lite_ipif_v3_0_vh_rfs.vhd:1534]
INFO: [Synth 8-638] synthesizing module 'pselect_f__parameterized11' [c:/Users/Home/Documents/GitHub/PYNQ/boards/Pynq-Z2/base/base/base.srcs/sources_1/bd/base/ipshared/66ea/hdl/axi_lite_ipif_v3_0_vh_rfs.vhd:1534]
	Parameter C_AB bound to: 4 - type: integer 
	Parameter C_AW bound to: 4 - type: integer 
	Parameter C_BAR bound to: 4'b0110 
	Parameter C_FAMILY bound to: nofamily - type: string 
INFO: [Synth 8-256] done synthesizing module 'pselect_f__parameterized11' (1#1) [c:/Users/Home/Documents/GitHub/PYNQ/boards/Pynq-Z2/base/base/base.srcs/sources_1/bd/base/ipshared/66ea/hdl/axi_lite_ipif_v3_0_vh_rfs.vhd:1534]
INFO: [Synth 8-638] synthesizing module 'pselect_f__parameterized12' [c:/Users/Home/Documents/GitHub/PYNQ/boards/Pynq-Z2/base/base/base.srcs/sources_1/bd/base/ipshared/66ea/hdl/axi_lite_ipif_v3_0_vh_rfs.vhd:1534]
	Parameter C_AB bound to: 4 - type: integer 
	Parameter C_AW bound to: 4 - type: integer 
	Parameter C_BAR bound to: 4'b0111 
	Parameter C_FAMILY bound to: nofamily - type: string 
INFO: [Synth 8-256] done synthesizing module 'pselect_f__parameterized12' (1#1) [c:/Users/Home/Documents/GitHub/PYNQ/boards/Pynq-Z2/base/base/base.srcs/sources_1/bd/base/ipshared/66ea/hdl/axi_lite_ipif_v3_0_vh_rfs.vhd:1534]
INFO: [Synth 8-638] synthesizing module 'pselect_f__parameterized13' [c:/Users/Home/Documents/GitHub/PYNQ/boards/Pynq-Z2/base/base/base.srcs/sources_1/bd/base/ipshared/66ea/hdl/axi_lite_ipif_v3_0_vh_rfs.vhd:1534]
	Parameter C_AB bound to: 4 - type: integer 
	Parameter C_AW bound to: 4 - type: integer 
	Parameter C_BAR bound to: 4'b1000 
	Parameter C_FAMILY bound to: nofamily - type: string 
INFO: [Synth 8-256] done synthesizing module 'pselect_f__parameterized13' (1#1) [c:/Users/Home/Documents/GitHub/PYNQ/boards/Pynq-Z2/base/base/base.srcs/sources_1/bd/base/ipshared/66ea/hdl/axi_lite_ipif_v3_0_vh_rfs.vhd:1534]
INFO: [Synth 8-638] synthesizing module 'pselect_f__parameterized14' [c:/Users/Home/Documents/GitHub/PYNQ/boards/Pynq-Z2/base/base/base.srcs/sources_1/bd/base/ipshared/66ea/hdl/axi_lite_ipif_v3_0_vh_rfs.vhd:1534]
	Parameter C_AB bound to: 4 - type: integer 
	Parameter C_AW bound to: 4 - type: integer 
	Parameter C_BAR bound to: 4'b1001 
	Parameter C_FAMILY bound to: nofamily - type: string 
INFO: [Synth 8-256] done synthesizing module 'pselect_f__parameterized14' (1#1) [c:/Users/Home/Documents/GitHub/PYNQ/boards/Pynq-Z2/base/base/base.srcs/sources_1/bd/base/ipshared/66ea/hdl/axi_lite_ipif_v3_0_vh_rfs.vhd:1534]
INFO: [Synth 8-638] synthesizing module 'pselect_f__parameterized15' [c:/Users/Home/Documents/GitHub/PYNQ/boards/Pynq-Z2/base/base/base.srcs/sources_1/bd/base/ipshared/66ea/hdl/axi_lite_ipif_v3_0_vh_rfs.vhd:1534]
	Parameter C_AB bound to: 4 - type: integer 
	Parameter C_AW bound to: 4 - type: integer 
	Parameter C_BAR bound to: 4'b1010 
	Parameter C_FAMILY bound to: nofamily - type: string 
INFO: [Synth 8-256] done synthesizing module 'pselect_f__parameterized15' (1#1) [c:/Users/Home/Documents/GitHub/PYNQ/boards/Pynq-Z2/base/base/base.srcs/sources_1/bd/base/ipshared/66ea/hdl/axi_lite_ipif_v3_0_vh_rfs.vhd:1534]
INFO: [Synth 8-638] synthesizing module 'pselect_f__parameterized16' [c:/Users/Home/Documents/GitHub/PYNQ/boards/Pynq-Z2/base/base/base.srcs/sources_1/bd/base/ipshared/66ea/hdl/axi_lite_ipif_v3_0_vh_rfs.vhd:1534]
	Parameter C_AB bound to: 4 - type: integer 
	Parameter C_AW bound to: 4 - type: integer 
	Parameter C_BAR bound to: 4'b1011 
	Parameter C_FAMILY bound to: nofamily - type: string 
INFO: [Synth 8-256] done synthesizing module 'pselect_f__parameterized16' (1#1) [c:/Users/Home/Documents/GitHub/PYNQ/boards/Pynq-Z2/base/base/base.srcs/sources_1/bd/base/ipshared/66ea/hdl/axi_lite_ipif_v3_0_vh_rfs.vhd:1534]
INFO: [Synth 8-638] synthesizing module 'pselect_f__parameterized17' [c:/Users/Home/Documents/GitHub/PYNQ/boards/Pynq-Z2/base/base/base.srcs/sources_1/bd/base/ipshared/66ea/hdl/axi_lite_ipif_v3_0_vh_rfs.vhd:1534]
	Parameter C_AB bound to: 4 - type: integer 
	Parameter C_AW bound to: 4 - type: integer 
	Parameter C_BAR bound to: 4'b1100 
	Parameter C_FAMILY bound to: nofamily - type: string 
INFO: [Synth 8-256] done synthesizing module 'pselect_f__parameterized17' (1#1) [c:/Users/Home/Documents/GitHub/PYNQ/boards/Pynq-Z2/base/base/base.srcs/sources_1/bd/base/ipshared/66ea/hdl/axi_lite_ipif_v3_0_vh_rfs.vhd:1534]
INFO: [Synth 8-638] synthesizing module 'pselect_f__parameterized18' [c:/Users/Home/Documents/GitHub/PYNQ/boards/Pynq-Z2/base/base/base.srcs/sources_1/bd/base/ipshared/66ea/hdl/axi_lite_ipif_v3_0_vh_rfs.vhd:1534]
	Parameter C_AB bound to: 4 - type: integer 
	Parameter C_AW bound to: 4 - type: integer 
	Parameter C_BAR bound to: 4'b1101 
	Parameter C_FAMILY bound to: nofamily - type: string 
INFO: [Synth 8-256] done synthesizing module 'pselect_f__parameterized18' (1#1) [c:/Users/Home/Documents/GitHub/PYNQ/boards/Pynq-Z2/base/base/base.srcs/sources_1/bd/base/ipshared/66ea/hdl/axi_lite_ipif_v3_0_vh_rfs.vhd:1534]
INFO: [Synth 8-638] synthesizing module 'pselect_f__parameterized19' [c:/Users/Home/Documents/GitHub/PYNQ/boards/Pynq-Z2/base/base/base.srcs/sources_1/bd/base/ipshared/66ea/hdl/axi_lite_ipif_v3_0_vh_rfs.vhd:1534]
	Parameter C_AB bound to: 4 - type: integer 
	Parameter C_AW bound to: 4 - type: integer 
	Parameter C_BAR bound to: 4'b1110 
	Parameter C_FAMILY bound to: nofamily - type: string 
INFO: [Synth 8-256] done synthesizing module 'pselect_f__parameterized19' (1#1) [c:/Users/Home/Documents/GitHub/PYNQ/boards/Pynq-Z2/base/base/base.srcs/sources_1/bd/base/ipshared/66ea/hdl/axi_lite_ipif_v3_0_vh_rfs.vhd:1534]
INFO: [Synth 8-638] synthesizing module 'pselect_f__parameterized20' [c:/Users/Home/Documents/GitHub/PYNQ/boards/Pynq-Z2/base/base/base.srcs/sources_1/bd/base/ipshared/66ea/hdl/axi_lite_ipif_v3_0_vh_rfs.vhd:1534]
	Parameter C_AB bound to: 4 - type: integer 
	Parameter C_AW bound to: 4 - type: integer 
	Parameter C_BAR bound to: 4'b1111 
	Parameter C_FAMILY bound to: nofamily - type: string 
INFO: [Synth 8-256] done synthesizing module 'pselect_f__parameterized20' (1#1) [c:/Users/Home/Documents/GitHub/PYNQ/boards/Pynq-Z2/base/base/base.srcs/sources_1/bd/base/ipshared/66ea/hdl/axi_lite_ipif_v3_0_vh_rfs.vhd:1534]
INFO: [Synth 8-256] done synthesizing module 'address_decoder' (2#1) [c:/Users/Home/Documents/GitHub/PYNQ/boards/Pynq-Z2/base/base/base.srcs/sources_1/bd/base/ipshared/66ea/hdl/axi_lite_ipif_v3_0_vh_rfs.vhd:1775]
INFO: [Synth 8-226] default block is never used [c:/Users/Home/Documents/GitHub/PYNQ/boards/Pynq-Z2/base/base/base.srcs/sources_1/bd/base/ipshared/66ea/hdl/axi_lite_ipif_v3_0_vh_rfs.vhd:2550]
INFO: [Synth 8-256] done synthesizing module 'slave_attachment' (3#1) [c:/Users/Home/Documents/GitHub/PYNQ/boards/Pynq-Z2/base/base/base.srcs/sources_1/bd/base/ipshared/66ea/hdl/axi_lite_ipif_v3_0_vh_rfs.vhd:2341]
INFO: [Synth 8-256] done synthesizing module 'axi_lite_ipif' (4#1) [c:/Users/Home/Documents/GitHub/PYNQ/boards/Pynq-Z2/base/base/base.srcs/sources_1/bd/base/ipshared/66ea/hdl/axi_lite_ipif_v3_0_vh_rfs.vhd:2948]
INFO: [Synth 8-638] synthesizing module 'interrupt_control' [c:/Users/Home/Documents/GitHub/PYNQ/boards/Pynq-Z2/base/base/base.srcs/sources_1/bd/base/ipshared/a040/hdl/interrupt_control_v3_1_vh_rfs.vhd:259]
	Parameter C_NUM_CE bound to: 16 - type: integer 
	Parameter C_NUM_IPIF_IRPT_SRC bound to: 1 - type: integer 
	Parameter C_IP_INTR_MODE_ARRAY bound to: 32'b00000000000000000000000000000101 
	Parameter C_INCLUDE_DEV_PENCODER bound to: 0 - type: bool 
	Parameter C_INCLUDE_DEV_ISC bound to: 0 - type: bool 
	Parameter C_IPIF_DWIDTH bound to: 32 - type: integer 
INFO: [Synth 8-256] done synthesizing module 'interrupt_control' (5#1) [c:/Users/Home/Documents/GitHub/PYNQ/boards/Pynq-Z2/base/base/base.srcs/sources_1/bd/base/ipshared/a040/hdl/interrupt_control_v3_1_vh_rfs.vhd:259]
INFO: [Synth 8-638] synthesizing module 'GPIO_Core' [c:/Users/Home/Documents/GitHub/PYNQ/boards/Pynq-Z2/base/base/base.srcs/sources_1/bd/base/ipshared/bb35/hdl/axi_gpio_v2_0_vh_rfs.vhd:178]
	Parameter C_DW bound to: 32 - type: integer 
	Parameter C_AW bound to: 9 - type: integer 
	Parameter C_GPIO_WIDTH bound to: 20 - type: integer 
	Parameter C_GPIO2_WIDTH bound to: 32 - type: integer 
	Parameter C_MAX_GPIO_WIDTH bound to: 20 - type: integer 
	Parameter C_INTERRUPT_PRESENT bound to: 1 - type: integer 
	Parameter C_DOUT_DEFAULT bound to: 0 - type: integer 
	Parameter C_TRI_DEFAULT bound to: -1 - type: integer 
	Parameter C_IS_DUAL bound to: 0 - type: integer 
	Parameter C_ALL_OUTPUTS bound to: 0 - type: integer 
	Parameter C_ALL_OUTPUTS_2 bound to: 0 - type: integer 
	Parameter C_ALL_INPUTS bound to: 0 - type: integer 
	Parameter C_ALL_INPUTS_2 bound to: 0 - type: integer 
	Parameter C_DOUT_DEFAULT_2 bound to: 0 - type: integer 
	Parameter C_TRI_DEFAULT_2 bound to: -1 - type: integer 
	Parameter C_FAMILY bound to: zynq - type: string 
INFO: [Synth 8-226] default block is never used [c:/Users/Home/Documents/GitHub/PYNQ/boards/Pynq-Z2/base/base/base.srcs/sources_1/bd/base/ipshared/bb35/hdl/axi_gpio_v2_0_vh_rfs.vhd:443]
INFO: [Synth 8-638] synthesizing module 'cdc_sync' [c:/Users/Home/Documents/GitHub/PYNQ/boards/Pynq-Z2/base/base/base.srcs/sources_1/bd/base/ipshared/ef1e/hdl/lib_cdc_v1_0_rfs.vhd:106]
	Parameter C_CDC_TYPE bound to: 1 - type: integer 
	Parameter C_RESET_STATE bound to: 0 - type: integer 
	Parameter C_SINGLE_BIT bound to: 0 - type: integer 
	Parameter C_FLOP_INPUT bound to: 0 - type: integer 
	Parameter C_VECTOR_WIDTH bound to: 20 - type: integer 
	Parameter C_MTBF_STAGES bound to: 4 - type: integer 
	Parameter INIT bound to: 1'b0 
INFO: [Synth 8-113] binding component instance 'CROSS2_PLEVEL_IN2SCNDRY_IN_cdc_to' to cell 'FDR' [c:/Users/Home/Documents/GitHub/PYNQ/boards/Pynq-Z2/base/base/base.srcs/sources_1/bd/base/ipshared/ef1e/hdl/lib_cdc_v1_0_rfs.vhd:736]
	Parameter INIT bound to: 1'b0 
INFO: [Synth 8-113] binding component instance 'CROSS2_PLEVEL_IN2SCNDRY_IN_cdc_to' to cell 'FDR' [c:/Users/Home/Documents/GitHub/PYNQ/boards/Pynq-Z2/base/base/base.srcs/sources_1/bd/base/ipshared/ef1e/hdl/lib_cdc_v1_0_rfs.vhd:736]
	Parameter INIT bound to: 1'b0 
INFO: [Synth 8-113] binding component instance 'CROSS2_PLEVEL_IN2SCNDRY_IN_cdc_to' to cell 'FDR' [c:/Users/Home/Documents/GitHub/PYNQ/boards/Pynq-Z2/base/base/base.srcs/sources_1/bd/base/ipshared/ef1e/hdl/lib_cdc_v1_0_rfs.vhd:736]
	Parameter INIT bound to: 1'b0 
INFO: [Synth 8-113] binding component instance 'CROSS2_PLEVEL_IN2SCNDRY_IN_cdc_to' to cell 'FDR' [c:/Users/Home/Documents/GitHub/PYNQ/boards/Pynq-Z2/base/base/base.srcs/sources_1/bd/base/ipshared/ef1e/hdl/lib_cdc_v1_0_rfs.vhd:736]
	Parameter INIT bound to: 1'b0 
INFO: [Synth 8-113] binding component instance 'CROSS2_PLEVEL_IN2SCNDRY_IN_cdc_to' to cell 'FDR' [c:/Users/Home/Documents/GitHub/PYNQ/boards/Pynq-Z2/base/base/base.srcs/sources_1/bd/base/ipshared/ef1e/hdl/lib_cdc_v1_0_rfs.vhd:736]
	Parameter INIT bound to: 1'b0 
INFO: [Synth 8-113] binding component instance 'CROSS2_PLEVEL_IN2SCNDRY_IN_cdc_to' to cell 'FDR' [c:/Users/Home/Documents/GitHub/PYNQ/boards/Pynq-Z2/base/base/base.srcs/sources_1/bd/base/ipshared/ef1e/hdl/lib_cdc_v1_0_rfs.vhd:736]
	Parameter INIT bound to: 1'b0 
INFO: [Synth 8-113] binding component instance 'CROSS2_PLEVEL_IN2SCNDRY_IN_cdc_to' to cell 'FDR' [c:/Users/Home/Documents/GitHub/PYNQ/boards/Pynq-Z2/base/base/base.srcs/sources_1/bd/base/ipshared/ef1e/hdl/lib_cdc_v1_0_rfs.vhd:736]
	Parameter INIT bound to: 1'b0 
INFO: [Synth 8-113] binding component instance 'CROSS2_PLEVEL_IN2SCNDRY_IN_cdc_to' to cell 'FDR' [c:/Users/Home/Documents/GitHub/PYNQ/boards/Pynq-Z2/base/base/base.srcs/sources_1/bd/base/ipshared/ef1e/hdl/lib_cdc_v1_0_rfs.vhd:736]
	Parameter INIT bound to: 1'b0 
INFO: [Synth 8-113] binding component instance 'CROSS2_PLEVEL_IN2SCNDRY_IN_cdc_to' to cell 'FDR' [c:/Users/Home/Documents/GitHub/PYNQ/boards/Pynq-Z2/base/base/base.srcs/sources_1/bd/base/ipshared/ef1e/hdl/lib_cdc_v1_0_rfs.vhd:736]
	Parameter INIT bound to: 1'b0 
INFO: [Synth 8-113] binding component instance 'CROSS2_PLEVEL_IN2SCNDRY_IN_cdc_to' to cell 'FDR' [c:/Users/Home/Documents/GitHub/PYNQ/boards/Pynq-Z2/base/base/base.srcs/sources_1/bd/base/ipshared/ef1e/hdl/lib_cdc_v1_0_rfs.vhd:736]
	Parameter INIT bound to: 1'b0 
INFO: [Synth 8-113] binding component instance 'CROSS2_PLEVEL_IN2SCNDRY_IN_cdc_to' to cell 'FDR' [c:/Users/Home/Documents/GitHub/PYNQ/boards/Pynq-Z2/base/base/base.srcs/sources_1/bd/base/ipshared/ef1e/hdl/lib_cdc_v1_0_rfs.vhd:736]
	Parameter INIT bound to: 1'b0 
INFO: [Synth 8-113] binding component instance 'CROSS2_PLEVEL_IN2SCNDRY_IN_cdc_to' to cell 'FDR' [c:/Users/Home/Documents/GitHub/PYNQ/boards/Pynq-Z2/base/base/base.srcs/sources_1/bd/base/ipshared/ef1e/hdl/lib_cdc_v1_0_rfs.vhd:736]
	Parameter INIT bound to: 1'b0 
INFO: [Synth 8-113] binding component instance 'CROSS2_PLEVEL_IN2SCNDRY_IN_cdc_to' to cell 'FDR' [c:/Users/Home/Documents/GitHub/PYNQ/boards/Pynq-Z2/base/base/base.srcs/sources_1/bd/base/ipshared/ef1e/hdl/lib_cdc_v1_0_rfs.vhd:736]
	Parameter INIT bound to: 1'b0 
INFO: [Synth 8-113] binding component instance 'CROSS2_PLEVEL_IN2SCNDRY_IN_cdc_to' to cell 'FDR' [c:/Users/Home/Documents/GitHub/PYNQ/boards/Pynq-Z2/base/base/base.srcs/sources_1/bd/base/ipshared/ef1e/hdl/lib_cdc_v1_0_rfs.vhd:736]
	Parameter INIT bound to: 1'b0 
INFO: [Synth 8-113] binding component instance 'CROSS2_PLEVEL_IN2SCNDRY_IN_cdc_to' to cell 'FDR' [c:/Users/Home/Documents/GitHub/PYNQ/boards/Pynq-Z2/base/base/base.srcs/sources_1/bd/base/ipshared/ef1e/hdl/lib_cdc_v1_0_rfs.vhd:736]
	Parameter INIT bound to: 1'b0 
INFO: [Synth 8-113] binding component instance 'CROSS2_PLEVEL_IN2SCNDRY_IN_cdc_to' to cell 'FDR' [c:/Users/Home/Documents/GitHub/PYNQ/boards/Pynq-Z2/base/base/base.srcs/sources_1/bd/base/ipshared/ef1e/hdl/lib_cdc_v1_0_rfs.vhd:736]
	Parameter INIT bound to: 1'b0 
INFO: [Synth 8-113] binding component instance 'CROSS2_PLEVEL_IN2SCNDRY_IN_cdc_to' to cell 'FDR' [c:/Users/Home/Documents/GitHub/PYNQ/boards/Pynq-Z2/base/base/base.srcs/sources_1/bd/base/ipshared/ef1e/hdl/lib_cdc_v1_0_rfs.vhd:736]
	Parameter INIT bound to: 1'b0 
INFO: [Synth 8-113] binding component instance 'CROSS2_PLEVEL_IN2SCNDRY_IN_cdc_to' to cell 'FDR' [c:/Users/Home/Documents/GitHub/PYNQ/boards/Pynq-Z2/base/base/base.srcs/sources_1/bd/base/ipshared/ef1e/hdl/lib_cdc_v1_0_rfs.vhd:736]
	Parameter INIT bound to: 1'b0 
INFO: [Synth 8-113] binding component instance 'CROSS2_PLEVEL_IN2SCNDRY_IN_cdc_to' to cell 'FDR' [c:/Users/Home/Documents/GitHub/PYNQ/boards/Pynq-Z2/base/base/base.srcs/sources_1/bd/base/ipshared/ef1e/hdl/lib_cdc_v1_0_rfs.vhd:736]
	Parameter INIT bound to: 1'b0 
INFO: [Synth 8-113] binding component instance 'CROSS2_PLEVEL_IN2SCNDRY_IN_cdc_to' to cell 'FDR' [c:/Users/Home/Documents/GitHub/PYNQ/boards/Pynq-Z2/base/base/base.srcs/sources_1/bd/base/ipshared/ef1e/hdl/lib_cdc_v1_0_rfs.vhd:736]
	Parameter INIT bound to: 1'b0 
INFO: [Synth 8-113] binding component instance 'CROSS2_PLEVEL_IN2SCNDRY_s_level_out_bus_d2' to cell 'FDR' [c:/Users/Home/Documents/GitHub/PYNQ/boards/Pynq-Z2/base/base/base.srcs/sources_1/bd/base/ipshared/ef1e/hdl/lib_cdc_v1_0_rfs.vhd:772]
	Parameter INIT bound to: 1'b0 
INFO: [Synth 8-113] binding component instance 'CROSS2_PLEVEL_IN2SCNDRY_s_level_out_bus_d2' to cell 'FDR' [c:/Users/Home/Documents/GitHub/PYNQ/boards/Pynq-Z2/base/base/base.srcs/sources_1/bd/base/ipshared/ef1e/hdl/lib_cdc_v1_0_rfs.vhd:772]
	Parameter INIT bound to: 1'b0 
INFO: [Synth 8-113] binding component instance 'CROSS2_PLEVEL_IN2SCNDRY_s_level_out_bus_d2' to cell 'FDR' [c:/Users/Home/Documents/GitHub/PYNQ/boards/Pynq-Z2/base/base/base.srcs/sources_1/bd/base/ipshared/ef1e/hdl/lib_cdc_v1_0_rfs.vhd:772]
	Parameter INIT bound to: 1'b0 
INFO: [Synth 8-113] binding component instance 'CROSS2_PLEVEL_IN2SCNDRY_s_level_out_bus_d2' to cell 'FDR' [c:/Users/Home/Documents/GitHub/PYNQ/boards/Pynq-Z2/base/base/base.srcs/sources_1/bd/base/ipshared/ef1e/hdl/lib_cdc_v1_0_rfs.vhd:772]
	Parameter INIT bound to: 1'b0 
INFO: [Synth 8-113] binding component instance 'CROSS2_PLEVEL_IN2SCNDRY_s_level_out_bus_d2' to cell 'FDR' [c:/Users/Home/Documents/GitHub/PYNQ/boards/Pynq-Z2/base/base/base.srcs/sources_1/bd/base/ipshared/ef1e/hdl/lib_cdc_v1_0_rfs.vhd:772]
	Parameter INIT bound to: 1'b0 
INFO: [Synth 8-113] binding component instance 'CROSS2_PLEVEL_IN2SCNDRY_s_level_out_bus_d2' to cell 'FDR' [c:/Users/Home/Documents/GitHub/PYNQ/boards/Pynq-Z2/base/base/base.srcs/sources_1/bd/base/ipshared/ef1e/hdl/lib_cdc_v1_0_rfs.vhd:772]
	Parameter INIT bound to: 1'b0 
INFO: [Synth 8-113] binding component instance 'CROSS2_PLEVEL_IN2SCNDRY_s_level_out_bus_d2' to cell 'FDR' [c:/Users/Home/Documents/GitHub/PYNQ/boards/Pynq-Z2/base/base/base.srcs/sources_1/bd/base/ipshared/ef1e/hdl/lib_cdc_v1_0_rfs.vhd:772]
	Parameter INIT bound to: 1'b0 
INFO: [Synth 8-113] binding component instance 'CROSS2_PLEVEL_IN2SCNDRY_s_level_out_bus_d2' to cell 'FDR' [c:/Users/Home/Documents/GitHub/PYNQ/boards/Pynq-Z2/base/base/base.srcs/sources_1/bd/base/ipshared/ef1e/hdl/lib_cdc_v1_0_rfs.vhd:772]
	Parameter INIT bound to: 1'b0 
INFO: [Synth 8-113] binding component instance 'CROSS2_PLEVEL_IN2SCNDRY_s_level_out_bus_d2' to cell 'FDR' [c:/Users/Home/Documents/GitHub/PYNQ/boards/Pynq-Z2/base/base/base.srcs/sources_1/bd/base/ipshared/ef1e/hdl/lib_cdc_v1_0_rfs.vhd:772]
	Parameter INIT bound to: 1'b0 
INFO: [Synth 8-113] binding component instance 'CROSS2_PLEVEL_IN2SCNDRY_s_level_out_bus_d2' to cell 'FDR' [c:/Users/Home/Documents/GitHub/PYNQ/boards/Pynq-Z2/base/base/base.srcs/sources_1/bd/base/ipshared/ef1e/hdl/lib_cdc_v1_0_rfs.vhd:772]
	Parameter INIT bound to: 1'b0 
INFO: [Synth 8-113] binding component instance 'CROSS2_PLEVEL_IN2SCNDRY_s_level_out_bus_d2' to cell 'FDR' [c:/Users/Home/Documents/GitHub/PYNQ/boards/Pynq-Z2/base/base/base.srcs/sources_1/bd/base/ipshared/ef1e/hdl/lib_cdc_v1_0_rfs.vhd:772]
	Parameter INIT bound to: 1'b0 
INFO: [Synth 8-113] binding component instance 'CROSS2_PLEVEL_IN2SCNDRY_s_level_out_bus_d2' to cell 'FDR' [c:/Users/Home/Documents/GitHub/PYNQ/boards/Pynq-Z2/base/base/base.srcs/sources_1/bd/base/ipshared/ef1e/hdl/lib_cdc_v1_0_rfs.vhd:772]
	Parameter INIT bound to: 1'b0 
INFO: [Synth 8-113] binding component instance 'CROSS2_PLEVEL_IN2SCNDRY_s_level_out_bus_d2' to cell 'FDR' [c:/Users/Home/Documents/GitHub/PYNQ/boards/Pynq-Z2/base/base/base.srcs/sources_1/bd/base/ipshared/ef1e/hdl/lib_cdc_v1_0_rfs.vhd:772]
	Parameter INIT bound to: 1'b0 
INFO: [Synth 8-113] binding component instance 'CROSS2_PLEVEL_IN2SCNDRY_s_level_out_bus_d2' to cell 'FDR' [c:/Users/Home/Documents/GitHub/PYNQ/boards/Pynq-Z2/base/base/base.srcs/sources_1/bd/base/ipshared/ef1e/hdl/lib_cdc_v1_0_rfs.vhd:772]
	Parameter INIT bound to: 1'b0 
INFO: [Synth 8-113] binding component instance 'CROSS2_PLEVEL_IN2SCNDRY_s_level_out_bus_d2' to cell 'FDR' [c:/Users/Home/Documents/GitHub/PYNQ/boards/Pynq-Z2/base/base/base.srcs/sources_1/bd/base/ipshared/ef1e/hdl/lib_cdc_v1_0_rfs.vhd:772]
	Parameter INIT bound to: 1'b0 
INFO: [Synth 8-113] binding component instance 'CROSS2_PLEVEL_IN2SCNDRY_s_level_out_bus_d2' to cell 'FDR' [c:/Users/Home/Documents/GitHub/PYNQ/boards/Pynq-Z2/base/base/base.srcs/sources_1/bd/base/ipshared/ef1e/hdl/lib_cdc_v1_0_rfs.vhd:772]
	Parameter INIT bound to: 1'b0 
INFO: [Synth 8-113] binding component instance 'CROSS2_PLEVEL_IN2SCNDRY_s_level_out_bus_d2' to cell 'FDR' [c:/Users/Home/Documents/GitHub/PYNQ/boards/Pynq-Z2/base/base/base.srcs/sources_1/bd/base/ipshared/ef1e/hdl/lib_cdc_v1_0_rfs.vhd:772]
	Parameter INIT bound to: 1'b0 
INFO: [Synth 8-113] binding component instance 'CROSS2_PLEVEL_IN2SCNDRY_s_level_out_bus_d2' to cell 'FDR' [c:/Users/Home/Documents/GitHub/PYNQ/boards/Pynq-Z2/base/base/base.srcs/sources_1/bd/base/ipshared/ef1e/hdl/lib_cdc_v1_0_rfs.vhd:772]
	Parameter INIT bound to: 1'b0 
INFO: [Synth 8-113] binding component instance 'CROSS2_PLEVEL_IN2SCNDRY_s_level_out_bus_d2' to cell 'FDR' [c:/Users/Home/Documents/GitHub/PYNQ/boards/Pynq-Z2/base/base/base.srcs/sources_1/bd/base/ipshared/ef1e/hdl/lib_cdc_v1_0_rfs.vhd:772]
	Parameter INIT bound to: 1'b0 
INFO: [Synth 8-113] binding component instance 'CROSS2_PLEVEL_IN2SCNDRY_s_level_out_bus_d2' to cell 'FDR' [c:/Users/Home/Documents/GitHub/PYNQ/boards/Pynq-Z2/base/base/base.srcs/sources_1/bd/base/ipshared/ef1e/hdl/lib_cdc_v1_0_rfs.vhd:772]
	Parameter INIT bound to: 1'b0 
INFO: [Synth 8-113] binding component instance 'CROSS2_PLEVEL_IN2SCNDRY_s_level_out_bus_d3' to cell 'FDR' [c:/Users/Home/Documents/GitHub/PYNQ/boards/Pynq-Z2/base/base/base.srcs/sources_1/bd/base/ipshared/ef1e/hdl/lib_cdc_v1_0_rfs.vhd:788]
	Parameter INIT bound to: 1'b0 
INFO: [Synth 8-113] binding component instance 'CROSS2_PLEVEL_IN2SCNDRY_s_level_out_bus_d3' to cell 'FDR' [c:/Users/Home/Documents/GitHub/PYNQ/boards/Pynq-Z2/base/base/base.srcs/sources_1/bd/base/ipshared/ef1e/hdl/lib_cdc_v1_0_rfs.vhd:788]
	Parameter INIT bound to: 1'b0 
INFO: [Synth 8-113] binding component instance 'CROSS2_PLEVEL_IN2SCNDRY_s_level_out_bus_d3' to cell 'FDR' [c:/Users/Home/Documents/GitHub/PYNQ/boards/Pynq-Z2/base/base/base.srcs/sources_1/bd/base/ipshared/ef1e/hdl/lib_cdc_v1_0_rfs.vhd:788]
	Parameter INIT bound to: 1'b0 
INFO: [Synth 8-113] binding component instance 'CROSS2_PLEVEL_IN2SCNDRY_s_level_out_bus_d3' to cell 'FDR' [c:/Users/Home/Documents/GitHub/PYNQ/boards/Pynq-Z2/base/base/base.srcs/sources_1/bd/base/ipshared/ef1e/hdl/lib_cdc_v1_0_rfs.vhd:788]
	Parameter INIT bound to: 1'b0 
INFO: [Synth 8-113] binding component instance 'CROSS2_PLEVEL_IN2SCNDRY_s_level_out_bus_d3' to cell 'FDR' [c:/Users/Home/Documents/GitHub/PYNQ/boards/Pynq-Z2/base/base/base.srcs/sources_1/bd/base/ipshared/ef1e/hdl/lib_cdc_v1_0_rfs.vhd:788]
	Parameter INIT bound to: 1'b0 
INFO: [Synth 8-113] binding component instance 'CROSS2_PLEVEL_IN2SCNDRY_s_level_out_bus_d3' to cell 'FDR' [c:/Users/Home/Documents/GitHub/PYNQ/boards/Pynq-Z2/base/base/base.srcs/sources_1/bd/base/ipshared/ef1e/hdl/lib_cdc_v1_0_rfs.vhd:788]
	Parameter INIT bound to: 1'b0 
INFO: [Synth 8-113] binding component instance 'CROSS2_PLEVEL_IN2SCNDRY_s_level_out_bus_d3' to cell 'FDR' [c:/Users/Home/Documents/GitHub/PYNQ/boards/Pynq-Z2/base/base/base.srcs/sources_1/bd/base/ipshared/ef1e/hdl/lib_cdc_v1_0_rfs.vhd:788]
	Parameter INIT bound to: 1'b0 
INFO: [Synth 8-113] binding component instance 'CROSS2_PLEVEL_IN2SCNDRY_s_level_out_bus_d3' to cell 'FDR' [c:/Users/Home/Documents/GitHub/PYNQ/boards/Pynq-Z2/base/base/base.srcs/sources_1/bd/base/ipshared/ef1e/hdl/lib_cdc_v1_0_rfs.vhd:788]
	Parameter INIT bound to: 1'b0 
INFO: [Synth 8-113] binding component instance 'CROSS2_PLEVEL_IN2SCNDRY_s_level_out_bus_d3' to cell 'FDR' [c:/Users/Home/Documents/GitHub/PYNQ/boards/Pynq-Z2/base/base/base.srcs/sources_1/bd/base/ipshared/ef1e/hdl/lib_cdc_v1_0_rfs.vhd:788]
	Parameter INIT bound to: 1'b0 
INFO: [Synth 8-113] binding component instance 'CROSS2_PLEVEL_IN2SCNDRY_s_level_out_bus_d3' to cell 'FDR' [c:/Users/Home/Documents/GitHub/PYNQ/boards/Pynq-Z2/base/base/base.srcs/sources_1/bd/base/ipshared/ef1e/hdl/lib_cdc_v1_0_rfs.vhd:788]
	Parameter INIT bound to: 1'b0 
INFO: [Synth 8-113] binding component instance 'CROSS2_PLEVEL_IN2SCNDRY_s_level_out_bus_d3' to cell 'FDR' [c:/Users/Home/Documents/GitHub/PYNQ/boards/Pynq-Z2/base/base/base.srcs/sources_1/bd/base/ipshared/ef1e/hdl/lib_cdc_v1_0_rfs.vhd:788]
	Parameter INIT bound to: 1'b0 
INFO: [Synth 8-113] binding component instance 'CROSS2_PLEVEL_IN2SCNDRY_s_level_out_bus_d3' to cell 'FDR' [c:/Users/Home/Documents/GitHub/PYNQ/boards/Pynq-Z2/base/base/base.srcs/sources_1/bd/base/ipshared/ef1e/hdl/lib_cdc_v1_0_rfs.vhd:788]
	Parameter INIT bound to: 1'b0 
INFO: [Synth 8-113] binding component instance 'CROSS2_PLEVEL_IN2SCNDRY_s_level_out_bus_d3' to cell 'FDR' [c:/Users/Home/Documents/GitHub/PYNQ/boards/Pynq-Z2/base/base/base.srcs/sources_1/bd/base/ipshared/ef1e/hdl/lib_cdc_v1_0_rfs.vhd:788]
	Parameter INIT bound to: 1'b0 
INFO: [Synth 8-113] binding component instance 'CROSS2_PLEVEL_IN2SCNDRY_s_level_out_bus_d3' to cell 'FDR' [c:/Users/Home/Documents/GitHub/PYNQ/boards/Pynq-Z2/base/base/base.srcs/sources_1/bd/base/ipshared/ef1e/hdl/lib_cdc_v1_0_rfs.vhd:788]
	Parameter INIT bound to: 1'b0 
INFO: [Synth 8-113] binding component instance 'CROSS2_PLEVEL_IN2SCNDRY_s_level_out_bus_d3' to cell 'FDR' [c:/Users/Home/Documents/GitHub/PYNQ/boards/Pynq-Z2/base/base/base.srcs/sources_1/bd/base/ipshared/ef1e/hdl/lib_cdc_v1_0_rfs.vhd:788]
	Parameter INIT bound to: 1'b0 
INFO: [Synth 8-113] binding component instance 'CROSS2_PLEVEL_IN2SCNDRY_s_level_out_bus_d3' to cell 'FDR' [c:/Users/Home/Documents/GitHub/PYNQ/boards/Pynq-Z2/base/base/base.srcs/sources_1/bd/base/ipshared/ef1e/hdl/lib_cdc_v1_0_rfs.vhd:788]
	Parameter INIT bound to: 1'b0 
INFO: [Synth 8-113] binding component instance 'CROSS2_PLEVEL_IN2SCNDRY_s_level_out_bus_d3' to cell 'FDR' [c:/Users/Home/Documents/GitHub/PYNQ/boards/Pynq-Z2/base/base/base.srcs/sources_1/bd/base/ipshared/ef1e/hdl/lib_cdc_v1_0_rfs.vhd:788]
	Parameter INIT bound to: 1'b0 
INFO: [Synth 8-113] binding component instance 'CROSS2_PLEVEL_IN2SCNDRY_s_level_out_bus_d3' to cell 'FDR' [c:/Users/Home/Documents/GitHub/PYNQ/boards/Pynq-Z2/base/base/base.srcs/sources_1/bd/base/ipshared/ef1e/hdl/lib_cdc_v1_0_rfs.vhd:788]
	Parameter INIT bound to: 1'b0 
INFO: [Synth 8-113] binding component instance 'CROSS2_PLEVEL_IN2SCNDRY_s_level_out_bus_d3' to cell 'FDR' [c:/Users/Home/Documents/GitHub/PYNQ/boards/Pynq-Z2/base/base/base.srcs/sources_1/bd/base/ipshared/ef1e/hdl/lib_cdc_v1_0_rfs.vhd:788]
	Parameter INIT bound to: 1'b0 
INFO: [Synth 8-113] binding component instance 'CROSS2_PLEVEL_IN2SCNDRY_s_level_out_bus_d3' to cell 'FDR' [c:/Users/Home/Documents/GitHub/PYNQ/boards/Pynq-Z2/base/base/base.srcs/sources_1/bd/base/ipshared/ef1e/hdl/lib_cdc_v1_0_rfs.vhd:788]
	Parameter INIT bound to: 1'b0 
INFO: [Synth 8-113] binding component instance 'CROSS2_PLEVEL_IN2SCNDRY_s_level_out_bus_d4' to cell 'FDR' [c:/Users/Home/Documents/GitHub/PYNQ/boards/Pynq-Z2/base/base/base.srcs/sources_1/bd/base/ipshared/ef1e/hdl/lib_cdc_v1_0_rfs.vhd:804]
	Parameter INIT bound to: 1'b0 
INFO: [Synth 8-113] binding component instance 'CROSS2_PLEVEL_IN2SCNDRY_s_level_out_bus_d4' to cell 'FDR' [c:/Users/Home/Documents/GitHub/PYNQ/boards/Pynq-Z2/base/base/base.srcs/sources_1/bd/base/ipshared/ef1e/hdl/lib_cdc_v1_0_rfs.vhd:804]
	Parameter INIT bound to: 1'b0 
INFO: [Synth 8-113] binding component instance 'CROSS2_PLEVEL_IN2SCNDRY_s_level_out_bus_d4' to cell 'FDR' [c:/Users/Home/Documents/GitHub/PYNQ/boards/Pynq-Z2/base/base/base.srcs/sources_1/bd/base/ipshared/ef1e/hdl/lib_cdc_v1_0_rfs.vhd:804]
	Parameter INIT bound to: 1'b0 
INFO: [Synth 8-113] binding component instance 'CROSS2_PLEVEL_IN2SCNDRY_s_level_out_bus_d4' to cell 'FDR' [c:/Users/Home/Documents/GitHub/PYNQ/boards/Pynq-Z2/base/base/base.srcs/sources_1/bd/base/ipshared/ef1e/hdl/lib_cdc_v1_0_rfs.vhd:804]
	Parameter INIT bound to: 1'b0 
INFO: [Synth 8-113] binding component instance 'CROSS2_PLEVEL_IN2SCNDRY_s_level_out_bus_d4' to cell 'FDR' [c:/Users/Home/Documents/GitHub/PYNQ/boards/Pynq-Z2/base/base/base.srcs/sources_1/bd/base/ipshared/ef1e/hdl/lib_cdc_v1_0_rfs.vhd:804]
	Parameter INIT bound to: 1'b0 
INFO: [Synth 8-113] binding component instance 'CROSS2_PLEVEL_IN2SCNDRY_s_level_out_bus_d4' to cell 'FDR' [c:/Users/Home/Documents/GitHub/PYNQ/boards/Pynq-Z2/base/base/base.srcs/sources_1/bd/base/ipshared/ef1e/hdl/lib_cdc_v1_0_rfs.vhd:804]
	Parameter INIT bound to: 1'b0 
INFO: [Synth 8-113] binding component instance 'CROSS2_PLEVEL_IN2SCNDRY_s_level_out_bus_d4' to cell 'FDR' [c:/Users/Home/Documents/GitHub/PYNQ/boards/Pynq-Z2/base/base/base.srcs/sources_1/bd/base/ipshared/ef1e/hdl/lib_cdc_v1_0_rfs.vhd:804]
	Parameter INIT bound to: 1'b0 
INFO: [Synth 8-113] binding component instance 'CROSS2_PLEVEL_IN2SCNDRY_s_level_out_bus_d4' to cell 'FDR' [c:/Users/Home/Documents/GitHub/PYNQ/boards/Pynq-Z2/base/base/base.srcs/sources_1/bd/base/ipshared/ef1e/hdl/lib_cdc_v1_0_rfs.vhd:804]
	Parameter INIT bound to: 1'b0 
INFO: [Synth 8-113] binding component instance 'CROSS2_PLEVEL_IN2SCNDRY_s_level_out_bus_d4' to cell 'FDR' [c:/Users/Home/Documents/GitHub/PYNQ/boards/Pynq-Z2/base/base/base.srcs/sources_1/bd/base/ipshared/ef1e/hdl/lib_cdc_v1_0_rfs.vhd:804]
	Parameter INIT bound to: 1'b0 
INFO: [Synth 8-113] binding component instance 'CROSS2_PLEVEL_IN2SCNDRY_s_level_out_bus_d4' to cell 'FDR' [c:/Users/Home/Documents/GitHub/PYNQ/boards/Pynq-Z2/base/base/base.srcs/sources_1/bd/base/ipshared/ef1e/hdl/lib_cdc_v1_0_rfs.vhd:804]
	Parameter INIT bound to: 1'b0 
INFO: [Synth 8-113] binding component instance 'CROSS2_PLEVEL_IN2SCNDRY_s_level_out_bus_d4' to cell 'FDR' [c:/Users/Home/Documents/GitHub/PYNQ/boards/Pynq-Z2/base/base/base.srcs/sources_1/bd/base/ipshared/ef1e/hdl/lib_cdc_v1_0_rfs.vhd:804]
	Parameter INIT bound to: 1'b0 
INFO: [Synth 8-113] binding component instance 'CROSS2_PLEVEL_IN2SCNDRY_s_level_out_bus_d4' to cell 'FDR' [c:/Users/Home/Documents/GitHub/PYNQ/boards/Pynq-Z2/base/base/base.srcs/sources_1/bd/base/ipshared/ef1e/hdl/lib_cdc_v1_0_rfs.vhd:804]
	Parameter INIT bound to: 1'b0 
INFO: [Synth 8-113] binding component instance 'CROSS2_PLEVEL_IN2SCNDRY_s_level_out_bus_d4' to cell 'FDR' [c:/Users/Home/Documents/GitHub/PYNQ/boards/Pynq-Z2/base/base/base.srcs/sources_1/bd/base/ipshared/ef1e/hdl/lib_cdc_v1_0_rfs.vhd:804]
	Parameter INIT bound to: 1'b0 
INFO: [Synth 8-113] binding component instance 'CROSS2_PLEVEL_IN2SCNDRY_s_level_out_bus_d4' to cell 'FDR' [c:/Users/Home/Documents/GitHub/PYNQ/boards/Pynq-Z2/base/base/base.srcs/sources_1/bd/base/ipshared/ef1e/hdl/lib_cdc_v1_0_rfs.vhd:804]
	Parameter INIT bound to: 1'b0 
INFO: [Synth 8-113] binding component instance 'CROSS2_PLEVEL_IN2SCNDRY_s_level_out_bus_d4' to cell 'FDR' [c:/Users/Home/Documents/GitHub/PYNQ/boards/Pynq-Z2/base/base/base.srcs/sources_1/bd/base/ipshared/ef1e/hdl/lib_cdc_v1_0_rfs.vhd:804]
	Parameter INIT bound to: 1'b0 
INFO: [Synth 8-113] binding component instance 'CROSS2_PLEVEL_IN2SCNDRY_s_level_out_bus_d4' to cell 'FDR' [c:/Users/Home/Documents/GitHub/PYNQ/boards/Pynq-Z2/base/base/base.srcs/sources_1/bd/base/ipshared/ef1e/hdl/lib_cdc_v1_0_rfs.vhd:804]
	Parameter INIT bound to: 1'b0 
INFO: [Synth 8-113] binding component instance 'CROSS2_PLEVEL_IN2SCNDRY_s_level_out_bus_d4' to cell 'FDR' [c:/Users/Home/Documents/GitHub/PYNQ/boards/Pynq-Z2/base/base/base.srcs/sources_1/bd/base/ipshared/ef1e/hdl/lib_cdc_v1_0_rfs.vhd:804]
	Parameter INIT bound to: 1'b0 
INFO: [Synth 8-113] binding component instance 'CROSS2_PLEVEL_IN2SCNDRY_s_level_out_bus_d4' to cell 'FDR' [c:/Users/Home/Documents/GitHub/PYNQ/boards/Pynq-Z2/base/base/base.srcs/sources_1/bd/base/ipshared/ef1e/hdl/lib_cdc_v1_0_rfs.vhd:804]
	Parameter INIT bound to: 1'b0 
INFO: [Synth 8-113] binding component instance 'CROSS2_PLEVEL_IN2SCNDRY_s_level_out_bus_d4' to cell 'FDR' [c:/Users/Home/Documents/GitHub/PYNQ/boards/Pynq-Z2/base/base/base.srcs/sources_1/bd/base/ipshared/ef1e/hdl/lib_cdc_v1_0_rfs.vhd:804]
	Parameter INIT bound to: 1'b0 
INFO: [Synth 8-113] binding component instance 'CROSS2_PLEVEL_IN2SCNDRY_s_level_out_bus_d4' to cell 'FDR' [c:/Users/Home/Documents/GitHub/PYNQ/boards/Pynq-Z2/base/base/base.srcs/sources_1/bd/base/ipshared/ef1e/hdl/lib_cdc_v1_0_rfs.vhd:804]
	Parameter INIT bound to: 1'b0 
INFO: [Synth 8-113] binding component instance 'CROSS2_PLEVEL_IN2SCNDRY_s_level_out_bus_d5' to cell 'FDR' [c:/Users/Home/Documents/GitHub/PYNQ/boards/Pynq-Z2/base/base/base.srcs/sources_1/bd/base/ipshared/ef1e/hdl/lib_cdc_v1_0_rfs.vhd:821]
	Parameter INIT bound to: 1'b0 
INFO: [Synth 8-113] binding component instance 'CROSS2_PLEVEL_IN2SCNDRY_s_level_out_bus_d5' to cell 'FDR' [c:/Users/Home/Documents/GitHub/PYNQ/boards/Pynq-Z2/base/base/base.srcs/sources_1/bd/base/ipshared/ef1e/hdl/lib_cdc_v1_0_rfs.vhd:821]
	Parameter INIT bound to: 1'b0 
INFO: [Synth 8-113] binding component instance 'CROSS2_PLEVEL_IN2SCNDRY_s_level_out_bus_d5' to cell 'FDR' [c:/Users/Home/Documents/GitHub/PYNQ/boards/Pynq-Z2/base/base/base.srcs/sources_1/bd/base/ipshared/ef1e/hdl/lib_cdc_v1_0_rfs.vhd:821]
	Parameter INIT bound to: 1'b0 
INFO: [Synth 8-113] binding component instance 'CROSS2_PLEVEL_IN2SCNDRY_s_level_out_bus_d5' to cell 'FDR' [c:/Users/Home/Documents/GitHub/PYNQ/boards/Pynq-Z2/base/base/base.srcs/sources_1/bd/base/ipshared/ef1e/hdl/lib_cdc_v1_0_rfs.vhd:821]
	Parameter INIT bound to: 1'b0 
INFO: [Synth 8-113] binding component instance 'CROSS2_PLEVEL_IN2SCNDRY_s_level_out_bus_d5' to cell 'FDR' [c:/Users/Home/Documents/GitHub/PYNQ/boards/Pynq-Z2/base/base/base.srcs/sources_1/bd/base/ipshared/ef1e/hdl/lib_cdc_v1_0_rfs.vhd:821]
	Parameter INIT bound to: 1'b0 
INFO: [Synth 8-113] binding component instance 'CROSS2_PLEVEL_IN2SCNDRY_s_level_out_bus_d5' to cell 'FDR' [c:/Users/Home/Documents/GitHub/PYNQ/boards/Pynq-Z2/base/base/base.srcs/sources_1/bd/base/ipshared/ef1e/hdl/lib_cdc_v1_0_rfs.vhd:821]
	Parameter INIT bound to: 1'b0 
INFO: [Synth 8-113] binding component instance 'CROSS2_PLEVEL_IN2SCNDRY_s_level_out_bus_d5' to cell 'FDR' [c:/Users/Home/Documents/GitHub/PYNQ/boards/Pynq-Z2/base/base/base.srcs/sources_1/bd/base/ipshared/ef1e/hdl/lib_cdc_v1_0_rfs.vhd:821]
	Parameter INIT bound to: 1'b0 
INFO: [Synth 8-113] binding component instance 'CROSS2_PLEVEL_IN2SCNDRY_s_level_out_bus_d5' to cell 'FDR' [c:/Users/Home/Documents/GitHub/PYNQ/boards/Pynq-Z2/base/base/base.srcs/sources_1/bd/base/ipshared/ef1e/hdl/lib_cdc_v1_0_rfs.vhd:821]
	Parameter INIT bound to: 1'b0 
INFO: [Synth 8-113] binding component instance 'CROSS2_PLEVEL_IN2SCNDRY_s_level_out_bus_d5' to cell 'FDR' [c:/Users/Home/Documents/GitHub/PYNQ/boards/Pynq-Z2/base/base/base.srcs/sources_1/bd/base/ipshared/ef1e/hdl/lib_cdc_v1_0_rfs.vhd:821]
	Parameter INIT bound to: 1'b0 
INFO: [Synth 8-113] binding component instance 'CROSS2_PLEVEL_IN2SCNDRY_s_level_out_bus_d5' to cell 'FDR' [c:/Users/Home/Documents/GitHub/PYNQ/boards/Pynq-Z2/base/base/base.srcs/sources_1/bd/base/ipshared/ef1e/hdl/lib_cdc_v1_0_rfs.vhd:821]
	Parameter INIT bound to: 1'b0 
INFO: [Synth 8-113] binding component instance 'CROSS2_PLEVEL_IN2SCNDRY_s_level_out_bus_d5' to cell 'FDR' [c:/Users/Home/Documents/GitHub/PYNQ/boards/Pynq-Z2/base/base/base.srcs/sources_1/bd/base/ipshared/ef1e/hdl/lib_cdc_v1_0_rfs.vhd:821]
	Parameter INIT bound to: 1'b0 
INFO: [Synth 8-113] binding component instance 'CROSS2_PLEVEL_IN2SCNDRY_s_level_out_bus_d5' to cell 'FDR' [c:/Users/Home/Documents/GitHub/PYNQ/boards/Pynq-Z2/base/base/base.srcs/sources_1/bd/base/ipshared/ef1e/hdl/lib_cdc_v1_0_rfs.vhd:821]
	Parameter INIT bound to: 1'b0 
INFO: [Synth 8-113] binding component instance 'CROSS2_PLEVEL_IN2SCNDRY_s_level_out_bus_d5' to cell 'FDR' [c:/Users/Home/Documents/GitHub/PYNQ/boards/Pynq-Z2/base/base/base.srcs/sources_1/bd/base/ipshared/ef1e/hdl/lib_cdc_v1_0_rfs.vhd:821]
	Parameter INIT bound to: 1'b0 
INFO: [Synth 8-113] binding component instance 'CROSS2_PLEVEL_IN2SCNDRY_s_level_out_bus_d5' to cell 'FDR' [c:/Users/Home/Documents/GitHub/PYNQ/boards/Pynq-Z2/base/base/base.srcs/sources_1/bd/base/ipshared/ef1e/hdl/lib_cdc_v1_0_rfs.vhd:821]
	Parameter INIT bound to: 1'b0 
INFO: [Synth 8-113] binding component instance 'CROSS2_PLEVEL_IN2SCNDRY_s_level_out_bus_d5' to cell 'FDR' [c:/Users/Home/Documents/GitHub/PYNQ/boards/Pynq-Z2/base/base/base.srcs/sources_1/bd/base/ipshared/ef1e/hdl/lib_cdc_v1_0_rfs.vhd:821]
	Parameter INIT bound to: 1'b0 
INFO: [Synth 8-113] binding component instance 'CROSS2_PLEVEL_IN2SCNDRY_s_level_out_bus_d5' to cell 'FDR' [c:/Users/Home/Documents/GitHub/PYNQ/boards/Pynq-Z2/base/base/base.srcs/sources_1/bd/base/ipshared/ef1e/hdl/lib_cdc_v1_0_rfs.vhd:821]
	Parameter INIT bound to: 1'b0 
INFO: [Synth 8-113] binding component instance 'CROSS2_PLEVEL_IN2SCNDRY_s_level_out_bus_d5' to cell 'FDR' [c:/Users/Home/Documents/GitHub/PYNQ/boards/Pynq-Z2/base/base/base.srcs/sources_1/bd/base/ipshared/ef1e/hdl/lib_cdc_v1_0_rfs.vhd:821]
	Parameter INIT bound to: 1'b0 
INFO: [Synth 8-113] binding component instance 'CROSS2_PLEVEL_IN2SCNDRY_s_level_out_bus_d5' to cell 'FDR' [c:/Users/Home/Documents/GitHub/PYNQ/boards/Pynq-Z2/base/base/base.srcs/sources_1/bd/base/ipshared/ef1e/hdl/lib_cdc_v1_0_rfs.vhd:821]
	Parameter INIT bound to: 1'b0 
INFO: [Synth 8-113] binding component instance 'CROSS2_PLEVEL_IN2SCNDRY_s_level_out_bus_d5' to cell 'FDR' [c:/Users/Home/Documents/GitHub/PYNQ/boards/Pynq-Z2/base/base/base.srcs/sources_1/bd/base/ipshared/ef1e/hdl/lib_cdc_v1_0_rfs.vhd:821]
	Parameter INIT bound to: 1'b0 
INFO: [Synth 8-113] binding component instance 'CROSS2_PLEVEL_IN2SCNDRY_s_level_out_bus_d5' to cell 'FDR' [c:/Users/Home/Documents/GitHub/PYNQ/boards/Pynq-Z2/base/base/base.srcs/sources_1/bd/base/ipshared/ef1e/hdl/lib_cdc_v1_0_rfs.vhd:821]
INFO: [Common 17-14] Message 'Synth 8-113' appears 100 times and further instances of the messages will be disabled. Use the Tcl command set_msg_config to change the current settings.
	Parameter INIT bound to: 1'b0 
	Parameter INIT bound to: 1'b0 
	Parameter INIT bound to: 1'b0 
	Parameter INIT bound to: 1'b0 
	Parameter INIT bound to: 1'b0 
	Parameter INIT bound to: 1'b0 
	Parameter INIT bound to: 1'b0 
	Parameter INIT bound to: 1'b0 
	Parameter INIT bound to: 1'b0 
	Parameter INIT bound to: 1'b0 
	Parameter INIT bound to: 1'b0 
	Parameter INIT bound to: 1'b0 
	Parameter INIT bound to: 1'b0 
	Parameter INIT bound to: 1'b0 
	Parameter INIT bound to: 1'b0 
	Parameter INIT bound to: 1'b0 
	Parameter INIT bound to: 1'b0 
	Parameter INIT bound to: 1'b0 
	Parameter INIT bound to: 1'b0 
	Parameter INIT bound to: 1'b0 
INFO: [Synth 8-256] done synthesizing module 'cdc_sync' (6#1) [c:/Users/Home/Documents/GitHub/PYNQ/boards/Pynq-Z2/base/base/base.srcs/sources_1/bd/base/ipshared/ef1e/hdl/lib_cdc_v1_0_rfs.vhd:106]
INFO: [Synth 8-256] done synthesizing module 'GPIO_Core' (7#1) [c:/Users/Home/Documents/GitHub/PYNQ/boards/Pynq-Z2/base/base/base.srcs/sources_1/bd/base/ipshared/bb35/hdl/axi_gpio_v2_0_vh_rfs.vhd:178]
INFO: [Synth 8-256] done synthesizing module 'axi_gpio' (8#1) [c:/Users/Home/Documents/GitHub/PYNQ/boards/Pynq-Z2/base/base/base.srcs/sources_1/bd/base/ipshared/bb35/hdl/axi_gpio_v2_0_vh_rfs.vhd:1351]
INFO: [Synth 8-256] done synthesizing module 'base_arduino_gpio_0' (9#1) [c:/Users/Home/Documents/GitHub/PYNQ/boards/Pynq-Z2/base/base/base.srcs/sources_1/bd/base/ip/base_arduino_gpio_0/synth/base_arduino_gpio_0.vhd:87]
---------------------------------------------------------------------------------
Finished RTL Elaboration : Time (s): cpu = 00:00:17 ; elapsed = 00:00:19 . Memory (MB): peak = 1059.727 ; gain = 0.000
---------------------------------------------------------------------------------
---------------------------------------------------------------------------------
Start Handling Custom Attributes
---------------------------------------------------------------------------------
---------------------------------------------------------------------------------
Finished Handling Custom Attributes : Time (s): cpu = 00:00:18 ; elapsed = 00:00:20 . Memory (MB): peak = 1059.727 ; gain = 0.000
---------------------------------------------------------------------------------
---------------------------------------------------------------------------------
Finished RTL Optimization Phase 1 : Time (s): cpu = 00:00:18 ; elapsed = 00:00:20 . Memory (MB): peak = 1059.727 ; gain = 0.000
---------------------------------------------------------------------------------
Netlist sorting complete. Time (s): cpu = 00:00:00 ; elapsed = 00:00:00.066 . Memory (MB): peak = 1059.727 ; gain = 0.000
INFO: [Netlist 29-17] Analyzing 120 Unisim elements for replacement
INFO: [Netlist 29-28] Unisim Transformation completed in 0 CPU seconds
INFO: [Project 1-570] Preparing netlist for logic optimization

Processing XDC Constraints
Initializing timing engine
Parsing XDC File [c:/Users/Home/Documents/GitHub/PYNQ/boards/Pynq-Z2/base/base/base.srcs/sources_1/bd/base/ip/base_arduino_gpio_0/base_arduino_gpio_0_ooc.xdc] for cell 'U0'
Finished Parsing XDC File [c:/Users/Home/Documents/GitHub/PYNQ/boards/Pynq-Z2/base/base/base.srcs/sources_1/bd/base/ip/base_arduino_gpio_0/base_arduino_gpio_0_ooc.xdc] for cell 'U0'
Parsing XDC File [c:/Users/Home/Documents/GitHub/PYNQ/boards/Pynq-Z2/base/base/base.srcs/sources_1/bd/base/ip/base_arduino_gpio_0/base_arduino_gpio_0_board.xdc] for cell 'U0'
Finished Parsing XDC File [c:/Users/Home/Documents/GitHub/PYNQ/boards/Pynq-Z2/base/base/base.srcs/sources_1/bd/base/ip/base_arduino_gpio_0/base_arduino_gpio_0_board.xdc] for cell 'U0'
Parsing XDC File [c:/Users/Home/Documents/GitHub/PYNQ/boards/Pynq-Z2/base/base/base.srcs/sources_1/bd/base/ip/base_arduino_gpio_0/base_arduino_gpio_0.xdc] for cell 'U0'
Finished Parsing XDC File [c:/Users/Home/Documents/GitHub/PYNQ/boards/Pynq-Z2/base/base/base.srcs/sources_1/bd/base/ip/base_arduino_gpio_0/base_arduino_gpio_0.xdc] for cell 'U0'
Parsing XDC File [C:/Users/Home/Documents/GitHub/PYNQ/boards/Pynq-Z2/base/base/base.runs/base_arduino_gpio_0_synth_1/dont_touch.xdc]
Finished Parsing XDC File [C:/Users/Home/Documents/GitHub/PYNQ/boards/Pynq-Z2/base/base/base.runs/base_arduino_gpio_0_synth_1/dont_touch.xdc]
Completed Processing XDC Constraints

Netlist sorting complete. Time (s): cpu = 00:00:00 ; elapsed = 00:00:00.002 . Memory (MB): peak = 1162.453 ; gain = 0.000
INFO: [Project 1-111] Unisim Transformation Summary:
  A total of 120 instances were transformed.
  FDR => FDRE: 120 instances

Constraint Validation Runtime : Time (s): cpu = 00:00:01 ; elapsed = 00:00:00.115 . Memory (MB): peak = 1169.246 ; gain = 6.793
---------------------------------------------------------------------------------
Finished Constraint Validation : Time (s): cpu = 00:00:35 ; elapsed = 00:00:37 . Memory (MB): peak = 1169.246 ; gain = 109.520
---------------------------------------------------------------------------------
---------------------------------------------------------------------------------
Start Loading Part and Timing Information
---------------------------------------------------------------------------------
Loading part: xc7z020clg400-1
---------------------------------------------------------------------------------
Finished Loading Part and Timing Information : Time (s): cpu = 00:00:35 ; elapsed = 00:00:37 . Memory (MB): peak = 1169.246 ; gain = 109.520
---------------------------------------------------------------------------------
---------------------------------------------------------------------------------
Start Applying 'set_property' XDC Constraints
---------------------------------------------------------------------------------
Applied set_property DONT_TOUCH = true for U0. (constraint file  C:/Users/Home/Documents/GitHub/PYNQ/boards/Pynq-Z2/base/base/base.runs/base_arduino_gpio_0_synth_1/dont_touch.xdc, line 9).
---------------------------------------------------------------------------------
Finished applying 'set_property' XDC Constraints : Time (s): cpu = 00:00:35 ; elapsed = 00:00:37 . Memory (MB): peak = 1169.246 ; gain = 109.520
---------------------------------------------------------------------------------
INFO: [Synth 8-802] inferred FSM for state register 'state_reg' in module 'slave_attachment'
---------------------------------------------------------------------------------------------------
                   State |                     New Encoding |                Previous Encoding 
---------------------------------------------------------------------------------------------------
                 iSTATE2 |                             0001 |                               00
                  iSTATE |                             0010 |                               01
                 iSTATE0 |                             0100 |                               10
                 iSTATE1 |                             1000 |                               11
---------------------------------------------------------------------------------------------------
INFO: [Synth 8-3354] encoded FSM with state register 'state_reg' using encoding 'one-hot' in module 'slave_attachment'
---------------------------------------------------------------------------------
Finished RTL Optimization Phase 2 : Time (s): cpu = 00:00:36 ; elapsed = 00:00:39 . Memory (MB): peak = 1169.246 ; gain = 109.520
---------------------------------------------------------------------------------
---------------------------------------------------------------------------------
Start RTL Component Statistics 
---------------------------------------------------------------------------------
Detailed RTL Component Info : 
+---Adders : 
	   2 Input    4 Bit       Adders := 1     
+---XORs : 
	   2 Input     20 Bit         XORs := 1     
	   2 Input      1 Bit         XORs := 1     
+---Registers : 
	               32 Bit    Registers := 2     
	               20 Bit    Registers := 4     
	                9 Bit    Registers := 1     
	                4 Bit    Registers := 1     
	                2 Bit    Registers := 3     
	                1 Bit    Registers := 50    
+---Muxes : 
	   2 Input   32 Bit        Muxes := 4     
	   5 Input   32 Bit        Muxes := 1     
	   2 Input   20 Bit        Muxes := 2     
	   2 Input    9 Bit        Muxes := 1     
	   4 Input    4 Bit        Muxes := 1     
	   2 Input    4 Bit        Muxes := 5     
	   7 Input    2 Bit        Muxes := 1     
	   2 Input    2 Bit        Muxes := 2     
	   2 Input    1 Bit        Muxes := 71    
	   4 Input    1 Bit        Muxes := 3     
---------------------------------------------------------------------------------
Finished RTL Component Statistics 
---------------------------------------------------------------------------------
---------------------------------------------------------------------------------
Start Part Resource Summary
---------------------------------------------------------------------------------
Part Resources:
DSPs: 220 (col length:60)
BRAMs: 280 (col length: RAMB18 60 RAMB36 30)
---------------------------------------------------------------------------------
Finished Part Resource Summary
---------------------------------------------------------------------------------
---------------------------------------------------------------------------------
Start Cross Boundary and Area Optimization
---------------------------------------------------------------------------------
---------------------------------------------------------------------------------
Finished Cross Boundary and Area Optimization : Time (s): cpu = 00:00:41 ; elapsed = 00:00:44 . Memory (MB): peak = 1169.246 ; gain = 109.520
---------------------------------------------------------------------------------
---------------------------------------------------------------------------------
Start Applying XDC Timing Constraints
---------------------------------------------------------------------------------
---------------------------------------------------------------------------------
Finished Applying XDC Timing Constraints : Time (s): cpu = 00:00:59 ; elapsed = 00:01:02 . Memory (MB): peak = 1169.246 ; gain = 109.520
---------------------------------------------------------------------------------
---------------------------------------------------------------------------------
Start Timing Optimization
---------------------------------------------------------------------------------
---------------------------------------------------------------------------------
Finished Timing Optimization : Time (s): cpu = 00:01:00 ; elapsed = 00:01:03 . Memory (MB): peak = 1169.246 ; gain = 109.520
---------------------------------------------------------------------------------
---------------------------------------------------------------------------------
Start Technology Mapping
---------------------------------------------------------------------------------
---------------------------------------------------------------------------------
Finished Technology Mapping : Time (s): cpu = 00:01:01 ; elapsed = 00:01:04 . Memory (MB): peak = 1169.246 ; gain = 109.520
---------------------------------------------------------------------------------
---------------------------------------------------------------------------------
Start IO Insertion
---------------------------------------------------------------------------------
---------------------------------------------------------------------------------
Start Flattening Before IO Insertion
---------------------------------------------------------------------------------
---------------------------------------------------------------------------------
Finished Flattening Before IO Insertion
---------------------------------------------------------------------------------
---------------------------------------------------------------------------------
Start Final Netlist Cleanup
---------------------------------------------------------------------------------
---------------------------------------------------------------------------------
Finished Final Netlist Cleanup
---------------------------------------------------------------------------------
---------------------------------------------------------------------------------
Finished IO Insertion : Time (s): cpu = 00:01:13 ; elapsed = 00:01:17 . Memory (MB): peak = 1169.246 ; gain = 109.520
---------------------------------------------------------------------------------
---------------------------------------------------------------------------------
Start Renaming Generated Instances
---------------------------------------------------------------------------------
---------------------------------------------------------------------------------
Finished Renaming Generated Instances : Time (s): cpu = 00:01:13 ; elapsed = 00:01:17 . Memory (MB): peak = 1169.246 ; gain = 109.520
---------------------------------------------------------------------------------
---------------------------------------------------------------------------------
Start Rebuilding User Hierarchy
---------------------------------------------------------------------------------
---------------------------------------------------------------------------------
Finished Rebuilding User Hierarchy : Time (s): cpu = 00:01:13 ; elapsed = 00:01:17 . Memory (MB): peak = 1169.246 ; gain = 109.520
---------------------------------------------------------------------------------
---------------------------------------------------------------------------------
Start Renaming Generated Ports
---------------------------------------------------------------------------------
---------------------------------------------------------------------------------
Finished Renaming Generated Ports : Time (s): cpu = 00:01:13 ; elapsed = 00:01:17 . Memory (MB): peak = 1169.246 ; gain = 109.520
---------------------------------------------------------------------------------
---------------------------------------------------------------------------------
Start Handling Custom Attributes
---------------------------------------------------------------------------------
---------------------------------------------------------------------------------
Finished Handling Custom Attributes : Time (s): cpu = 00:01:13 ; elapsed = 00:01:17 . Memory (MB): peak = 1169.246 ; gain = 109.520
---------------------------------------------------------------------------------
---------------------------------------------------------------------------------
Start Renaming Generated Nets
---------------------------------------------------------------------------------
---------------------------------------------------------------------------------
Finished Renaming Generated Nets : Time (s): cpu = 00:01:13 ; elapsed = 00:01:17 . Memory (MB): peak = 1169.246 ; gain = 109.520
---------------------------------------------------------------------------------
---------------------------------------------------------------------------------
Start Writing Synthesis Report
---------------------------------------------------------------------------------

Report BlackBoxes: 
+-+--------------+----------+
| |BlackBox name |Instances |
+-+--------------+----------+
+-+--------------+----------+

Report Cell Usage: 
+------+-----+------+
|      |Cell |Count |
+------+-----+------+
|1     |LUT1 |     2|
|2     |LUT2 |    24|
|3     |LUT3 |    18|
|4     |LUT4 |    31|
|5     |LUT5 |    92|
|6     |LUT6 |    18|
|7     |FDR  |    80|
|8     |FDRE |   206|
|9     |FDSE |    23|
+------+-----+------+
---------------------------------------------------------------------------------
Finished Writing Synthesis Report : Time (s): cpu = 00:01:13 ; elapsed = 00:01:17 . Memory (MB): peak = 1169.246 ; gain = 109.520
---------------------------------------------------------------------------------
Synthesis finished with 0 errors, 0 critical warnings and 0 warnings.
Synthesis Optimization Runtime : Time (s): cpu = 00:00:51 ; elapsed = 00:01:12 . Memory (MB): peak = 1169.246 ; gain = 0.000
Synthesis Optimization Complete : Time (s): cpu = 00:01:14 ; elapsed = 00:01:17 . Memory (MB): peak = 1169.246 ; gain = 109.520
INFO: [Project 1-571] Translating synthesized netlist
Netlist sorting complete. Time (s): cpu = 00:00:00 ; elapsed = 00:00:00.045 . Memory (MB): peak = 1169.246 ; gain = 0.000
INFO: [Netlist 29-17] Analyzing 80 Unisim elements for replacement
INFO: [Netlist 29-28] Unisim Transformation completed in 0 CPU seconds
INFO: [Project 1-570] Preparing netlist for logic optimization
INFO: [Opt 31-138] Pushed 0 inverter(s) to 0 load pin(s).
Netlist sorting complete. Time (s): cpu = 00:00:00 ; elapsed = 00:00:00 . Memory (MB): peak = 1169.246 ; gain = 0.000
INFO: [Project 1-111] Unisim Transformation Summary:
  A total of 80 instances were transformed.
  FDR => FDRE: 80 instances

INFO: [Common 17-83] Releasing license: Synthesis
187 Infos, 17 Warnings, 0 Critical Warnings and 0 Errors encountered.
synth_design completed successfully
synth_design: Time (s): cpu = 00:01:29 ; elapsed = 00:01:36 . Memory (MB): peak = 1169.246 ; gain = 109.520
INFO: [Common 17-1381] The checkpoint 'C:/Users/Home/Documents/GitHub/PYNQ/boards/Pynq-Z2/base/base/base.runs/base_arduino_gpio_0_synth_1/base_arduino_gpio_0.dcp' has been generated.
WARNING: [Common 17-576] 'use_project_ipc' is deprecated. This option is deprecated and no longer used.
INFO: [Coretcl 2-1648] Added synthesis output to IP cache for IP base_arduino_gpio_0, cache-ID = b3b54f26ee2b0634
INFO: [Coretcl 2-1174] Renamed 7 cell refs.
INFO: [Common 17-1381] The checkpoint 'C:/Users/Home/Documents/GitHub/PYNQ/boards/Pynq-Z2/base/base/base.runs/base_arduino_gpio_0_synth_1/base_arduino_gpio_0.dcp' has been generated.
INFO: [runtcl-4] Executing : report_utilization -file base_arduino_gpio_0_utilization_synth.rpt -pb base_arduino_gpio_0_utilization_synth.pb
INFO: [Common 17-206] Exiting Vivado at Fri Apr 22 19:41:35 2022...
